<?xml version="1.0" encoding="UTF-8" ?>
<testsuite tests="15" failures="2" name="mx.unam.ciencias.edd.test.TestDiccionario" time="0.011" errors="4" skipped="0">
  <properties>
[...]
</properties>
  <testcase classname="mx.unam.ciencias.edd.test.TestDiccionario" name="testElimina" time="0.001"/>
  <testcase classname="mx.unam.ciencias.edd.test.TestDiccionario" name="testEsVacia" time="0.003">
    <error type="java.util.NoSuchElementException">java.util.NoSuchElementException
	at mx.unam.ciencias.edd.Lista$Iterador.next(Lista.java:55)
	at mx.unam.ciencias.edd.Diccionario$Iterador.siguiente(Diccionario.java:63)
	at mx.unam.ciencias.edd.Diccionario$IteradorLlaves.next(Diccionario.java:73)
	at mx.unam.ciencias.edd.test.TestDiccionario.testEsVacia(TestDiccionario.java:252)
	at sun.reflect.NativeMethodAccessorImpl.invoke0(Native Method)
	at sun.reflect.NativeMethodAccessorImpl.invoke(NativeMethodAccessorImpl.java:62)
	at sun.reflect.DelegatingMethodAccessorImpl.invoke(DelegatingMethodAccessorImpl.java:43)
	at java.lang.reflect.Method.invoke(Method.java:498)
	at org.junit.runners.model.FrameworkMethod$1.runReflectiveCall(FrameworkMethod.java:50)
	at org.junit.internal.runners.model.ReflectiveCallable.run(ReflectiveCallable.java:12)
	at org.junit.runners.model.FrameworkMethod.invokeExplosively(FrameworkMethod.java:47)
	at org.junit.internal.runners.statements.InvokeMethod.evaluate(InvokeMethod.java:17)
	at org.junit.internal.runners.statements.FailOnTimeout$CallableStatement.call(FailOnTimeout.java:298)
	at org.junit.internal.runners.statements.FailOnTimeout$CallableStatement.call(FailOnTimeout.java:292)
	at java.util.concurrent.FutureTask.run(FutureTask.java:266)
	at java.lang.Thread.run(Thread.java:748)
</error>
  </testcase>
  <testcase classname="mx.unam.ciencias.edd.test.TestDiccionario" name="testColisionMaxima" time="0"/>
  <testcase classname="mx.unam.ciencias.edd.test.TestDiccionario" name="testGet" time="0.001"/>
  <testcase classname="mx.unam.ciencias.edd.test.TestDiccionario" name="testCarga" time="0.001"/>
  <testcase classname="mx.unam.ciencias.edd.test.TestDiccionario" name="testToString" time="0.001">
    <failure type="java.lang.AssertionError">java.lang.AssertionError
	at org.junit.Assert.fail(Assert.java:86)
	at org.junit.Assert.assertTrue(Assert.java:41)
	at org.junit.Assert.assertTrue(Assert.java:52)
	at mx.unam.ciencias.edd.test.TestDiccionario.testToString(TestDiccionario.java:300)
	at sun.reflect.NativeMethodAccessorImpl.invoke0(Native Method)
	at sun.reflect.NativeMethodAccessorImpl.invoke(NativeMethodAccessorImpl.java:62)
	at sun.reflect.DelegatingMethodAccessorImpl.invoke(DelegatingMethodAccessorImpl.java:43)
	at java.lang.reflect.Method.invoke(Method.java:498)
	at org.junit.runners.model.FrameworkMethod$1.runReflectiveCall(FrameworkMethod.java:50)
	at org.junit.internal.runners.model.ReflectiveCallable.run(ReflectiveCallable.java:12)
	at org.junit.runners.model.FrameworkMethod.invokeExplosively(FrameworkMethod.java:47)
	at org.junit.internal.runners.statements.InvokeMethod.evaluate(InvokeMethod.java:17)
	at org.junit.internal.runners.statements.FailOnTimeout$CallableStatement.call(FailOnTimeout.java:298)
	at org.junit.internal.runners.statements.FailOnTimeout$CallableStatement.call(FailOnTimeout.java:292)
	at java.util.concurrent.FutureTask.run(FutureTask.java:266)
	at java.lang.Thread.run(Thread.java:748)
</failure>
  </testcase>
  <testcase classname="mx.unam.ciencias.edd.test.TestDiccionario" name="testColisiones" time="0"/>
  <testcase classname="mx.unam.ciencias.edd.test.TestDiccionario" name="testContiene" time="0.001"/>
  <testcase classname="mx.unam.ciencias.edd.test.TestDiccionario" name="testGetElementos" time="0"/>
  <testcase classname="mx.unam.ciencias.edd.test.TestDiccionario" name="testAgrega" time="0.001">
    <failure type="java.lang.AssertionError">java.lang.AssertionError
	at org.junit.Assert.fail(Assert.java:86)
	at org.junit.Assert.assertTrue(Assert.java:41)
	at org.junit.Assert.assertTrue(Assert.java:52)
	at mx.unam.ciencias.edd.test.TestDiccionario.testAgrega(TestDiccionario.java:86)
	at sun.reflect.NativeMethodAccessorImpl.invoke0(Native Method)
	at sun.reflect.NativeMethodAccessorImpl.invoke(NativeMethodAccessorImpl.java:62)
	at sun.reflect.DelegatingMethodAccessorImpl.invoke(DelegatingMethodAccessorImpl.java:43)
	at java.lang.reflect.Method.invoke(Method.java:498)
	at org.junit.runners.model.FrameworkMethod$1.runReflectiveCall(FrameworkMethod.java:50)
	at org.junit.internal.runners.model.ReflectiveCallable.run(ReflectiveCallable.java:12)
	at org.junit.runners.model.FrameworkMethod.invokeExplosively(FrameworkMethod.java:47)
	at org.junit.internal.runners.statements.InvokeMethod.evaluate(InvokeMethod.java:17)
	at org.junit.internal.runners.statements.FailOnTimeout$CallableStatement.call(FailOnTimeout.java:298)
	at org.junit.internal.runners.statements.FailOnTimeout$CallableStatement.call(FailOnTimeout.java:292)
	at java.util.concurrent.FutureTask.run(FutureTask.java:266)
	at java.lang.Thread.run(Thread.java:748)
</failure>
  </testcase>
  <testcase classname="mx.unam.ciencias.edd.test.TestDiccionario" name="testEquals" time="0.001">
    <error type="java.util.NoSuchElementException">java.util.NoSuchElementException
	at mx.unam.ciencias.edd.Lista$Iterador.next(Lista.java:55)
	at mx.unam.ciencias.edd.Diccionario$Iterador.siguiente(Diccionario.java:63)
	at mx.unam.ciencias.edd.Diccionario$IteradorValores.next(Diccionario.java:83)
	at mx.unam.ciencias.edd.test.TestDiccionario.testEquals(TestDiccionario.java:331)
	at sun.reflect.NativeMethodAccessorImpl.invoke0(Native Method)
	at sun.reflect.NativeMethodAccessorImpl.invoke(NativeMethodAccessorImpl.java:62)
	at sun.reflect.DelegatingMethodAccessorImpl.invoke(DelegatingMethodAccessorImpl.java:43)
	at java.lang.reflect.Method.invoke(Method.java:498)
	at org.junit.runners.model.FrameworkMethod$1.runReflectiveCall(FrameworkMethod.java:50)
	at org.junit.internal.runners.model.ReflectiveCallable.run(ReflectiveCallable.java:12)
	at org.junit.runners.model.FrameworkMethod.invokeExplosively(FrameworkMethod.java:47)
	at org.junit.internal.runners.statements.InvokeMethod.evaluate(InvokeMethod.java:17)
	at org.junit.internal.runners.statements.FailOnTimeout$CallableStatement.call(FailOnTimeout.java:298)
	at org.junit.internal.runners.statements.FailOnTimeout$CallableStatement.call(FailOnTimeout.java:292)
	at java.util.concurrent.FutureTask.run(FutureTask.java:266)
	at java.lang.Thread.run(Thread.java:748)
</error>
  </testcase>
  <testcase classname="mx.unam.ciencias.edd.test.TestDiccionario" name="testLimpia" time="0"/>
  <testcase classname="mx.unam.ciencias.edd.test.TestDiccionario" name="testIteradorLlaves" time="0">
    <error type="java.util.NoSuchElementException">java.util.NoSuchElementException
	at mx.unam.ciencias.edd.Lista$Iterador.next(Lista.java:55)
	at mx.unam.ciencias.edd.Diccionario$Iterador.siguiente(Diccionario.java:63)
	at mx.unam.ciencias.edd.Diccionario$IteradorLlaves.next(Diccionario.java:73)
	at mx.unam.ciencias.edd.test.TestDiccionario.testIteradorLlaves(TestDiccionario.java:375)
	at sun.reflect.NativeMethodAccessorImpl.invoke0(Native Method)
	at sun.reflect.NativeMethodAccessorImpl.invoke(NativeMethodAccessorImpl.java:62)
	at sun.reflect.DelegatingMethodAccessorImpl.invoke(DelegatingMethodAccessorImpl.java:43)
	at java.lang.reflect.Method.invoke(Method.java:498)
	at org.junit.runners.model.FrameworkMethod$1.runReflectiveCall(FrameworkMethod.java:50)
	at org.junit.internal.runners.model.ReflectiveCallable.run(ReflectiveCallable.java:12)
	at org.junit.runners.model.FrameworkMethod.invokeExplosively(FrameworkMethod.java:47)
	at org.junit.internal.runners.statements.InvokeMethod.evaluate(InvokeMethod.java:17)
	at org.junit.internal.runners.statements.FailOnTimeout$CallableStatement.call(FailOnTimeout.java:298)
	at org.junit.internal.runners.statements.FailOnTimeout$CallableStatement.call(FailOnTimeout.java:292)
	at java.util.concurrent.FutureTask.run(FutureTask.java:266)
	at java.lang.Thread.run(Thread.java:748)
</error>
  </testcase>
  <testcase classname="mx.unam.ciencias.edd.test.TestDiccionario" name="testIterator" time="0.001">
    <error type="java.util.NoSuchElementException">java.util.NoSuchElementException
	at mx.unam.ciencias.edd.Lista$Iterador.next(Lista.java:55)
	at mx.unam.ciencias.edd.Diccionario$Iterador.siguiente(Diccionario.java:63)
	at mx.unam.ciencias.edd.Diccionario$IteradorValores.next(Diccionario.java:83)
	at mx.unam.ciencias.edd.test.TestDiccionario.testIterator(TestDiccionario.java:403)
	at sun.reflect.NativeMethodAccessorImpl.invoke0(Native Method)
	at sun.reflect.NativeMethodAccessorImpl.invoke(NativeMethodAccessorImpl.java:62)
	at sun.reflect.DelegatingMethodAccessorImpl.invoke(DelegatingMethodAccessorImpl.java:43)
	at java.lang.reflect.Method.invoke(Method.java:498)
	at org.junit.runners.model.FrameworkMethod$1.runReflectiveCall(FrameworkMethod.java:50)
	at org.junit.internal.runners.model.ReflectiveCallable.run(ReflectiveCallable.java:12)
	at org.junit.runners.model.FrameworkMethod.invokeExplosively(FrameworkMethod.java:47)
	at org.junit.internal.runners.statements.InvokeMethod.evaluate(InvokeMethod.java:17)
	at org.junit.internal.runners.statements.FailOnTimeout$CallableStatement.call(FailOnTimeout.java:298)
	at org.junit.internal.runners.statements.FailOnTimeout$CallableStatement.call(FailOnTimeout.java:292)
	at java.util.concurrent.FutureTask.run(FutureTask.java:266)
	at java.lang.Thread.run(Thread.java:748)
</error>
  </testcase>
  <testcase classname="mx.unam.ciencias.edd.test.TestDiccionario" name="testConstructor" time="0"/>
</testsuite>