<?xml version="1.0" encoding="UTF-8" ?>
<testsuite tests="24" failures="1" name="mx.unam.ciencias.edd.test.TestGrafica" time="0.294" errors="0" skipped="0">
  <properties>
[...]
</properties>
  <testcase classname="mx.unam.ciencias.edd.test.TestGrafica" name="testElimina" time="0.036"/>
  <testcase classname="mx.unam.ciencias.edd.test.TestGrafica" name="testEsVacio" time="0.006"/>
  <testcase classname="mx.unam.ciencias.edd.test.TestGrafica" name="testDesconecta" time="0.063"/>
  <testcase classname="mx.unam.ciencias.edd.test.TestGrafica" name="testBfs" time="0.018"/>
  <testcase classname="mx.unam.ciencias.edd.test.TestGrafica" name="testDfs" time="0.018"/>
  <testcase classname="mx.unam.ciencias.edd.test.TestGrafica" name="testVerticeGetColor" time="0.001"/>
  <testcase classname="mx.unam.ciencias.edd.test.TestGrafica" name="testVerticeGetGrado" time="0.004"/>
  <testcase classname="mx.unam.ciencias.edd.test.TestGrafica" name="testToString" time="0.01"/>
  <testcase classname="mx.unam.ciencias.edd.test.TestGrafica" name="testVerticeVecinos" time="0.013"/>
  <testcase classname="mx.unam.ciencias.edd.test.TestGrafica" name="testVerticeGet" time="0.004"/>
  <testcase classname="mx.unam.ciencias.edd.test.TestGrafica" name="testGetAristas" time="0.009"/>
  <testcase classname="mx.unam.ciencias.edd.test.TestGrafica" name="testSonVecinos" time="0.017"/>
  <testcase classname="mx.unam.ciencias.edd.test.TestGrafica" name="testVertice" time="0.003"/>
  <testcase classname="mx.unam.ciencias.edd.test.TestGrafica" name="testContiene" time="0.002"/>
  <testcase classname="mx.unam.ciencias.edd.test.TestGrafica" name="testConecta" time="0.04"/>
  <testcase classname="mx.unam.ciencias.edd.test.TestGrafica" name="testGetElementos" time="0.001"/>
  <testcase classname="mx.unam.ciencias.edd.test.TestGrafica" name="testParaCadaVertice" time="0.006"/>
  <testcase classname="mx.unam.ciencias.edd.test.TestGrafica" name="testAgrega" time="0.002"/>
  <testcase classname="mx.unam.ciencias.edd.test.TestGrafica" name="testEquals" time="0.01"/>
  <testcase classname="mx.unam.ciencias.edd.test.TestGrafica" name="testLimpia" time="0.002"/>
  <testcase classname="mx.unam.ciencias.edd.test.TestGrafica" name="testEsConexa" time="0.01">
    <failure type="java.lang.AssertionError">java.lang.AssertionError
	at org.junit.Assert.fail(Assert.java:86)
	at org.junit.Assert.assertTrue(Assert.java:41)
	at org.junit.Assert.assertFalse(Assert.java:64)
	at org.junit.Assert.assertFalse(Assert.java:74)
	at mx.unam.ciencias.edd.test.TestGrafica.testEsConexa(TestGrafica.java:275)
	at java.base/jdk.internal.reflect.NativeMethodAccessorImpl.invoke0(Native Method)
	at java.base/jdk.internal.reflect.NativeMethodAccessorImpl.invoke(NativeMethodAccessorImpl.java:62)
	at java.base/jdk.internal.reflect.DelegatingMethodAccessorImpl.invoke(DelegatingMethodAccessorImpl.java:43)
	at java.base/java.lang.reflect.Method.invoke(Method.java:564)
	at org.junit.runners.model.FrameworkMethod$1.runReflectiveCall(FrameworkMethod.java:50)
	at org.junit.internal.runners.model.ReflectiveCallable.run(ReflectiveCallable.java:12)
	at org.junit.runners.model.FrameworkMethod.invokeExplosively(FrameworkMethod.java:47)
	at org.junit.internal.runners.statements.InvokeMethod.evaluate(InvokeMethod.java:17)
	at org.junit.internal.runners.statements.FailOnTimeout$CallableStatement.call(FailOnTimeout.java:298)
	at org.junit.internal.runners.statements.FailOnTimeout$CallableStatement.call(FailOnTimeout.java:292)
	at java.base/java.util.concurrent.FutureTask.run(FutureTask.java:264)
	at java.base/java.lang.Thread.run(Thread.java:844)
</failure>
  </testcase>
  <testcase classname="mx.unam.ciencias.edd.test.TestGrafica" name="testIterator" time="0.002"/>
  <testcase classname="mx.unam.ciencias.edd.test.TestGrafica" name="testConstructor" time="0.002"/>
  <testcase classname="mx.unam.ciencias.edd.test.TestGrafica" name="testSetColor" time="0.015"/>
</testsuite>