<?xml version="1.0" encoding="UTF-8" ?>
<testsuite tests="24" failures="1" name="mx.unam.ciencias.edd.test.TestGrafica" time="0.294" errors="0" skipped="0">
  <properties>
    <property name="java.runtime.name" value="OpenJDK Runtime Environment"/>
    <property name="java.vm.version" value="10.0.2+13-Ubuntu-1ubuntu0.18.04.4"/>
    <property name="sun.boot.library.path" value="/usr/lib/jvm/java-11-openjdk-amd64/lib"/>
    <property name="maven.multiModuleProjectDirectory" value="/home/ul/Desktop/practica6"/>
    <property name="java.vm.vendor" value="Oracle Corporation"/>
    <property name="java.vendor.url" value="http://java.oracle.com/"/>
    <property name="guice.disable.misplaced.annotation.check" value="true"/>
    <property name="path.separator" value=":"/>
    <property name="java.vm.name" value="OpenJDK 64-Bit Server VM"/>
    <property name="file.encoding.pkg" value="sun.io"/>
    <property name="sun.os.patch.level" value="unknown"/>
    <property name="user.country" value="US"/>
    <property name="sun.java.launcher" value="SUN_STANDARD"/>
    <property name="java.vm.specification.name" value="Java Virtual Machine Specification"/>
    <property name="user.dir" value="/home/ul/Desktop/practica6"/>
    <property name="java.vm.compressedOopsMode" value="32-bit"/>
    <property name="java.runtime.version" value="10.0.2+13-Ubuntu-1ubuntu0.18.04.4"/>
    <property name="java.awt.graphicsenv" value="sun.awt.X11GraphicsEnvironment"/>
    <property name="os.arch" value="amd64"/>
    <property name="java.io.tmpdir" value="/tmp"/>
    <property name="line.separator" value="
"/>
    <property name="java.vm.specification.vendor" value="Oracle Corporation"/>
    <property name="os.name" value="Linux"/>
    <property name="classworlds.conf" value="/usr/share/maven/bin/m2.conf"/>
    <property name="sun.jnu.encoding" value="UTF-8"/>
    <property name="java.library.path" value="/usr/java/packages/lib:/usr/lib/x86_64-linux-gnu/jni:/lib/x86_64-linux-gnu:/usr/lib/x86_64-linux-gnu:/usr/lib/jni:/lib:/usr/lib"/>
    <property name="maven.conf" value="/usr/share/maven/conf"/>
    <property name="jdk.debug" value="release"/>
    <property name="java.class.version" value="54.0"/>
    <property name="java.specification.name" value="Java Platform API Specification"/>
    <property name="sun.management.compiler" value="HotSpot 64-Bit Tiered Compilers"/>
    <property name="os.version" value="4.18.0-16-generic"/>
    <property name="library.jansi.path" value="/usr/share/maven/lib/jansi-native"/>
    <property name="user.home" value="/home/ul"/>
    <property name="user.timezone" value="America/New_York"/>
    <property name="java.awt.printerjob" value="sun.print.PSPrinterJob"/>
    <property name="file.encoding" value="UTF-8"/>
    <property name="java.specification.version" value="10"/>
    <property name="user.name" value="ul"/>
    <property name="java.class.path" value="/usr/share/maven/boot/plexus-classworlds-2.x.jar"/>
    <property name="java.vm.specification.version" value="10"/>
    <property name="sun.arch.data.model" value="64"/>
    <property name="sun.java.command" value="org.codehaus.plexus.classworlds.launcher.Launcher test"/>
    <property name="java.home" value="/usr/lib/jvm/java-11-openjdk-amd64"/>
    <property name="user.language" value="en"/>
    <property name="java.specification.vendor" value="Oracle Corporation"/>
    <property name="awt.toolkit" value="sun.awt.X11.XToolkit"/>
    <property name="java.vm.info" value="mixed mode"/>
    <property name="java.version" value="10.0.2"/>
    <property name="securerandom.source" value="file:/dev/./urandom"/>
    <property name="java.vendor" value="Oracle Corporation"/>
    <property name="maven.home" value="/usr/share/maven"/>
    <property name="file.separator" value="/"/>
    <property name="java.version.date" value="2018-07-17"/>
    <property name="java.vendor.url.bug" value="http://bugreport.java.com/bugreport/"/>
    <property name="sun.io.unicode.encoding" value="UnicodeLittle"/>
    <property name="sun.cpu.endian" value="little"/>
    <property name="sun.cpu.isalist" value=""/>
  </properties>
  <testcase classname="mx.unam.ciencias.edd.test.TestGrafica" name="testElimina" time="0.036"/>
  <testcase classname="mx.unam.ciencias.edd.test.TestGrafica" name="testEsVacio" time="0.006"/>
  <testcase classname="mx.unam.ciencias.edd.test.TestGrafica" name="testDesconecta" time="0.063"/>
  <testcase classname="mx.unam.ciencias.edd.test.TestGrafica" name="testBfs" time="0.018"/>
  <testcase classname="mx.unam.ciencias.edd.test.TestGrafica" name="testDfs" time="0.018"/>
  <testcase classname="mx.unam.ciencias.edd.test.TestGrafica" name="testVerticeGetColor" time="0.001"/>
  <testcase classname="mx.unam.ciencias.edd.test.TestGrafica" name="testVerticeGetGrado" time="0.004"/>
  <testcase classname="mx.unam.ciencias.edd.test.TestGrafica" name="testToString" time="0.01"/>
  <testcase classname="mx.unam.ciencias.edd.test.TestGrafica" name="testVerticeVecinos" time="0.013"/>
  <testcase classname="mx.unam.ciencias.edd.test.TestGrafica" name="testVerticeGet" time="0.004"/>
  <testcase classname="mx.unam.ciencias.edd.test.TestGrafica" name="testGetAristas" time="0.009"/>
  <testcase classname="mx.unam.ciencias.edd.test.TestGrafica" name="testSonVecinos" time="0.017"/>
  <testcase classname="mx.unam.ciencias.edd.test.TestGrafica" name="testVertice" time="0.003"/>
  <testcase classname="mx.unam.ciencias.edd.test.TestGrafica" name="testContiene" time="0.002"/>
  <testcase classname="mx.unam.ciencias.edd.test.TestGrafica" name="testConecta" time="0.04"/>
  <testcase classname="mx.unam.ciencias.edd.test.TestGrafica" name="testGetElementos" time="0.001"/>
  <testcase classname="mx.unam.ciencias.edd.test.TestGrafica" name="testParaCadaVertice" time="0.006"/>
  <testcase classname="mx.unam.ciencias.edd.test.TestGrafica" name="testAgrega" time="0.002"/>
  <testcase classname="mx.unam.ciencias.edd.test.TestGrafica" name="testEquals" time="0.01"/>
  <testcase classname="mx.unam.ciencias.edd.test.TestGrafica" name="testLimpia" time="0.002"/>
  <testcase classname="mx.unam.ciencias.edd.test.TestGrafica" name="testEsConexa" time="0.01">
    <failure type="java.lang.AssertionError">java.lang.AssertionError
	at org.junit.Assert.fail(Assert.java:86)
	at org.junit.Assert.assertTrue(Assert.java:41)
	at org.junit.Assert.assertFalse(Assert.java:64)
	at org.junit.Assert.assertFalse(Assert.java:74)
	at mx.unam.ciencias.edd.test.TestGrafica.testEsConexa(TestGrafica.java:275)
	at java.base/jdk.internal.reflect.NativeMethodAccessorImpl.invoke0(Native Method)
	at java.base/jdk.internal.reflect.NativeMethodAccessorImpl.invoke(NativeMethodAccessorImpl.java:62)
	at java.base/jdk.internal.reflect.DelegatingMethodAccessorImpl.invoke(DelegatingMethodAccessorImpl.java:43)
	at java.base/java.lang.reflect.Method.invoke(Method.java:564)
	at org.junit.runners.model.FrameworkMethod$1.runReflectiveCall(FrameworkMethod.java:50)
	at org.junit.internal.runners.model.ReflectiveCallable.run(ReflectiveCallable.java:12)
	at org.junit.runners.model.FrameworkMethod.invokeExplosively(FrameworkMethod.java:47)
	at org.junit.internal.runners.statements.InvokeMethod.evaluate(InvokeMethod.java:17)
	at org.junit.internal.runners.statements.FailOnTimeout$CallableStatement.call(FailOnTimeout.java:298)
	at org.junit.internal.runners.statements.FailOnTimeout$CallableStatement.call(FailOnTimeout.java:292)
	at java.base/java.util.concurrent.FutureTask.run(FutureTask.java:264)
	at java.base/java.lang.Thread.run(Thread.java:844)
</failure>
  </testcase>
  <testcase classname="mx.unam.ciencias.edd.test.TestGrafica" name="testIterator" time="0.002"/>
  <testcase classname="mx.unam.ciencias.edd.test.TestGrafica" name="testConstructor" time="0.002"/>
  <testcase classname="mx.unam.ciencias.edd.test.TestGrafica" name="testSetColor" time="0.015"/>
</testsuite>