-------------------------------------------------------------------------------
Test set: mx.unam.ciencias.edd.test.TestArbolBinarioOrdenado
-------------------------------------------------------------------------------
Tests run: 33, Failures: 6, Errors: 5, Skipped: 0, Time elapsed: 0.053 sec <<< FAILURE!
testElimina(mx.unam.ciencias.edd.test.TestArbolBinarioOrdenado)  Time elapsed: 0.003 sec  <<< FAILURE!
java.lang.AssertionError
	at org.junit.Assert.fail(Assert.java:86)
	at org.junit.Assert.assertTrue(Assert.java:41)
	at org.junit.Assert.assertTrue(Assert.java:52)
	at mx.unam.ciencias.edd.test.TestArbolBinarioOrdenado.testElimina(TestArbolBinarioOrdenado.java:159)
	at sun.reflect.NativeMethodAccessorImpl.invoke0(Native Method)
	at sun.reflect.NativeMethodAccessorImpl.invoke(NativeMethodAccessorImpl.java:62)
	at sun.reflect.DelegatingMethodAccessorImpl.invoke(DelegatingMethodAccessorImpl.java:43)
	at java.lang.reflect.Method.invoke(Method.java:498)
	at org.junit.runners.model.FrameworkMethod$1.runReflectiveCall(FrameworkMethod.java:50)
	at org.junit.internal.runners.model.ReflectiveCallable.run(ReflectiveCallable.java:12)
	at org.junit.runners.model.FrameworkMethod.invokeExplosively(FrameworkMethod.java:47)
	at org.junit.internal.runners.statements.InvokeMethod.evaluate(InvokeMethod.java:17)
	at org.junit.internal.runners.statements.FailOnTimeout$CallableStatement.call(FailOnTimeout.java:298)
	at org.junit.internal.runners.statements.FailOnTimeout$CallableStatement.call(FailOnTimeout.java:292)
	at java.util.concurrent.FutureTask.run(FutureTask.java:266)
	at java.lang.Thread.run(Thread.java:748)

testEsVacio(mx.unam.ciencias.edd.test.TestArbolBinarioOrdenado)  Time elapsed: 0 sec  <<< FAILURE!
java.lang.AssertionError
	at org.junit.Assert.fail(Assert.java:86)
	at org.junit.Assert.assertTrue(Assert.java:41)
	at org.junit.Assert.assertTrue(Assert.java:52)
	at mx.unam.ciencias.edd.test.TestArbolBinarioOrdenado.testEsVacio(TestArbolBinarioOrdenado.java:261)
	at sun.reflect.NativeMethodAccessorImpl.invoke0(Native Method)
	at sun.reflect.NativeMethodAccessorImpl.invoke(NativeMethodAccessorImpl.java:62)
	at sun.reflect.DelegatingMethodAccessorImpl.invoke(DelegatingMethodAccessorImpl.java:43)
	at java.lang.reflect.Method.invoke(Method.java:498)
	at org.junit.runners.model.FrameworkMethod$1.runReflectiveCall(FrameworkMethod.java:50)
	at org.junit.internal.runners.model.ReflectiveCallable.run(ReflectiveCallable.java:12)
	at org.junit.runners.model.FrameworkMethod.invokeExplosively(FrameworkMethod.java:47)
	at org.junit.internal.runners.statements.InvokeMethod.evaluate(InvokeMethod.java:17)
	at org.junit.internal.runners.statements.FailOnTimeout$CallableStatement.call(FailOnTimeout.java:298)
	at org.junit.internal.runners.statements.FailOnTimeout$CallableStatement.call(FailOnTimeout.java:292)
	at java.util.concurrent.FutureTask.run(FutureTask.java:266)
	at java.lang.Thread.run(Thread.java:748)

testIteradorHasNext(mx.unam.ciencias.edd.test.TestArbolBinarioOrdenado)  Time elapsed: 0.001 sec  <<< ERROR!
java.lang.IllegalArgumentException
	at mx.unam.ciencias.edd.Pila.mete(Pila.java:35)
	at mx.unam.ciencias.edd.ArbolBinarioOrdenado$Iterador.<init>(ArbolBinarioOrdenado.java:30)
	at mx.unam.ciencias.edd.ArbolBinarioOrdenado.iterator(ArbolBinarioOrdenado.java:313)
	at mx.unam.ciencias.edd.test.TestArbolBinarioOrdenado.testIteradorHasNext(TestArbolBinarioOrdenado.java:545)
	at sun.reflect.NativeMethodAccessorImpl.invoke0(Native Method)
	at sun.reflect.NativeMethodAccessorImpl.invoke(NativeMethodAccessorImpl.java:62)
	at sun.reflect.DelegatingMethodAccessorImpl.invoke(DelegatingMethodAccessorImpl.java:43)
	at java.lang.reflect.Method.invoke(Method.java:498)
	at org.junit.runners.model.FrameworkMethod$1.runReflectiveCall(FrameworkMethod.java:50)
	at org.junit.internal.runners.model.ReflectiveCallable.run(ReflectiveCallable.java:12)
	at org.junit.runners.model.FrameworkMethod.invokeExplosively(FrameworkMethod.java:47)
	at org.junit.internal.runners.statements.InvokeMethod.evaluate(InvokeMethod.java:17)
	at org.junit.internal.runners.statements.FailOnTimeout$CallableStatement.call(FailOnTimeout.java:298)
	at org.junit.internal.runners.statements.FailOnTimeout$CallableStatement.call(FailOnTimeout.java:292)
	at java.util.concurrent.FutureTask.run(FutureTask.java:266)
	at java.lang.Thread.run(Thread.java:748)

testVerticeAltura(mx.unam.ciencias.edd.test.TestArbolBinarioOrdenado)  Time elapsed: 0.01 sec  <<< ERROR!
java.lang.StackOverflowError
	at mx.unam.ciencias.edd.ArbolBinario$Vertice.altura(ArbolBinario.java:98)
	at mx.unam.ciencias.edd.ArbolBinario$Vertice.altura(ArbolBinario.java:98)
	at mx.unam.ciencias.edd.ArbolBinario$Vertice.altura(ArbolBinario.java:98)
	at mx.unam.ciencias.edd.ArbolBinario$Vertice.altura(ArbolBinario.java:98)
	at mx.unam.ciencias.edd.ArbolBinario$Vertice.altura(ArbolBinario.java:98)
	at mx.unam.ciencias.edd.ArbolBinario$Vertice.altura(ArbolBinario.java:98)
	at mx.unam.ciencias.edd.ArbolBinario$Vertice.altura(ArbolBinario.java:98)
	at mx.unam.ciencias.edd.ArbolBinario$Vertice.altura(ArbolBinario.java:98)
	at mx.unam.ciencias.edd.ArbolBinario$Vertice.altura(ArbolBinario.java:98)
	at mx.unam.ciencias.edd.ArbolBinario$Vertice.altura(ArbolBinario.java:98)
	at mx.unam.ciencias.edd.ArbolBinario$Vertice.altura(ArbolBinario.java:98)
	at mx.unam.ciencias.edd.ArbolBinario$Vertice.altura(ArbolBinario.java:98)
	at mx.unam.ciencias.edd.ArbolBinario$Vertice.altura(ArbolBinario.java:98)
	at mx.unam.ciencias.edd.ArbolBinario$Vertice.altura(ArbolBinario.java:98)
	at mx.unam.ciencias.edd.ArbolBinario$Vertice.altura(ArbolBinario.java:98)
	at mx.unam.ciencias.edd.ArbolBinario$Vertice.altura(ArbolBinario.java:98)
	at mx.unam.ciencias.edd.ArbolBinario$Vertice.altura(ArbolBinario.java:98)
	at mx.unam.ciencias.edd.ArbolBinario$Vertice.altura(ArbolBinario.java:98)
	at mx.unam.ciencias.edd.ArbolBinario$Vertice.altura(ArbolBinario.java:98)
	at mx.unam.ciencias.edd.ArbolBinario$Vertice.altura(ArbolBinario.java:98)
	at mx.unam.ciencias.edd.ArbolBinario$Vertice.altura(ArbolBinario.java:98)
	at mx.unam.ciencias.edd.ArbolBinario$Vertice.altura(ArbolBinario.java:98)
	at mx.unam.ciencias.edd.ArbolBinario$Vertice.altura(ArbolBinario.java:98)
	at mx.unam.ciencias.edd.ArbolBinario$Vertice.altura(ArbolBinario.java:98)
	at mx.unam.ciencias.edd.ArbolBinario$Vertice.altura(ArbolBinario.java:98)
	at mx.unam.ciencias.edd.ArbolBinario$Vertice.altura(ArbolBinario.java:98)
	at mx.unam.ciencias.edd.ArbolBinario$Vertice.altura(ArbolBinario.java:98)
	at mx.unam.ciencias.edd.ArbolBinario$Vertice.altura(ArbolBinario.java:98)
	at mx.unam.ciencias.edd.ArbolBinario$Vertice.altura(ArbolBinario.java:98)
	at mx.unam.ciencias.edd.ArbolBinario$Vertice.altura(ArbolBinario.java:98)
	at mx.unam.ciencias.edd.ArbolBinario$Vertice.altura(ArbolBinario.java:98)
	at mx.unam.ciencias.edd.ArbolBinario$Vertice.altura(ArbolBinario.java:98)
	at mx.unam.ciencias.edd.ArbolBinario$Vertice.altura(ArbolBinario.java:98)
	at mx.unam.ciencias.edd.ArbolBinario$Vertice.altura(ArbolBinario.java:98)
	at mx.unam.ciencias.edd.ArbolBinario$Vertice.altura(ArbolBinario.java:98)
	at mx.unam.ciencias.edd.ArbolBinario$Vertice.altura(ArbolBinario.java:98)
	at mx.unam.ciencias.edd.ArbolBinario$Vertice.altura(ArbolBinario.java:98)
	at mx.unam.ciencias.edd.ArbolBinario$Vertice.altura(ArbolBinario.java:98)
	at mx.unam.ciencias.edd.ArbolBinario$Vertice.altura(ArbolBinario.java:98)
	at mx.unam.ciencias.edd.ArbolBinario$Vertice.altura(ArbolBinario.java:98)
	at mx.unam.ciencias.edd.ArbolBinario$Vertice.altura(ArbolBinario.java:98)
	at mx.unam.ciencias.edd.ArbolBinario$Vertice.altura(ArbolBinario.java:98)
	at mx.unam.ciencias.edd.ArbolBinario$Vertice.altura(ArbolBinario.java:98)
	at mx.unam.ciencias.edd.ArbolBinario$Vertice.altura(ArbolBinario.java:98)
	at mx.unam.ciencias.edd.ArbolBinario$Vertice.altura(ArbolBinario.java:98)
	at mx.unam.ciencias.edd.ArbolBinario$Vertice.altura(ArbolBinario.java:98)
	at mx.unam.ciencias.edd.ArbolBinario$Vertice.altura(ArbolBinario.java:98)
	at mx.unam.ciencias.edd.ArbolBinario$Vertice.altura(ArbolBinario.java:98)
	at mx.unam.ciencias.edd.ArbolBinario$Vertice.altura(ArbolBinario.java:98)
	at mx.unam.ciencias.edd.ArbolBinario$Vertice.altura(ArbolBinario.java:98)
	at mx.unam.ciencias.edd.ArbolBinario$Vertice.altura(ArbolBinario.java:98)
	at mx.unam.ciencias.edd.ArbolBinario$Vertice.altura(ArbolBinario.java:98)
	at mx.unam.ciencias.edd.ArbolBinario$Vertice.altura(ArbolBinario.java:98)
	at mx.unam.ciencias.edd.ArbolBinario$Vertice.altura(ArbolBinario.java:98)
	at mx.unam.ciencias.edd.ArbolBinario$Vertice.altura(ArbolBinario.java:98)
	at mx.unam.ciencias.edd.ArbolBinario$Vertice.altura(ArbolBinario.java:98)
	at mx.unam.ciencias.edd.ArbolBinario$Vertice.altura(ArbolBinario.java:98)
	at mx.unam.ciencias.edd.ArbolBinario$Vertice.altura(ArbolBinario.java:98)
	at mx.unam.ciencias.edd.ArbolBinario$Vertice.altura(ArbolBinario.java:98)
	at mx.unam.ciencias.edd.ArbolBinario$Vertice.altura(ArbolBinario.java:98)
	at mx.unam.ciencias.edd.ArbolBinario$Vertice.altura(ArbolBinario.java:98)
	at mx.unam.ciencias.edd.ArbolBinario$Vertice.altura(ArbolBinario.java:98)
	at mx.unam.ciencias.edd.ArbolBinario$Vertice.altura(ArbolBinario.java:98)
	at mx.unam.ciencias.edd.ArbolBinario$Vertice.altura(ArbolBinario.java:98)
	at mx.unam.ciencias.edd.ArbolBinario$Vertice.altura(ArbolBinario.java:98)
	at mx.unam.ciencias.edd.ArbolBinario$Vertice.altura(ArbolBinario.java:98)
	at mx.unam.ciencias.edd.ArbolBinario$Vertice.altura(ArbolBinario.java:98)
	at mx.unam.ciencias.edd.ArbolBinario$Vertice.altura(ArbolBinario.java:98)
	at mx.unam.ciencias.edd.ArbolBinario$Vertice.altura(ArbolBinario.java:98)
	at mx.unam.ciencias.edd.ArbolBinario$Vertice.altura(ArbolBinario.java:98)
	at mx.unam.ciencias.edd.ArbolBinario$Vertice.altura(ArbolBinario.java:98)
	at mx.unam.ciencias.edd.ArbolBinario$Vertice.altura(ArbolBinario.java:98)
	at mx.unam.ciencias.edd.ArbolBinario$Vertice.altura(ArbolBinario.java:98)
	at mx.unam.ciencias.edd.ArbolBinario$Vertice.altura(ArbolBinario.java:98)
	at mx.unam.ciencias.edd.ArbolBinario$Vertice.altura(ArbolBinario.java:98)
	at mx.unam.ciencias.edd.ArbolBinario$Vertice.altura(ArbolBinario.java:98)
	at mx.unam.ciencias.edd.ArbolBinario$Vertice.altura(ArbolBinario.java:98)
	at mx.unam.ciencias.edd.ArbolBinario$Vertice.altura(ArbolBinario.java:98)
	at mx.unam.ciencias.edd.ArbolBinario$Vertice.altura(ArbolBinario.java:98)
	at mx.unam.ciencias.edd.ArbolBinario$Vertice.altura(ArbolBinario.java:98)
	at mx.unam.ciencias.edd.ArbolBinario$Vertice.altura(ArbolBinario.java:98)
	at mx.unam.ciencias.edd.ArbolBinario$Vertice.altura(ArbolBinario.java:98)
	at mx.unam.ciencias.edd.ArbolBinario$Vertice.altura(ArbolBinario.java:98)
	at mx.unam.ciencias.edd.ArbolBinario$Vertice.altura(ArbolBinario.java:98)
	at mx.unam.ciencias.edd.ArbolBinario$Vertice.altura(ArbolBinario.java:98)
	at mx.unam.ciencias.edd.ArbolBinario$Vertice.altura(ArbolBinario.java:98)
	at mx.unam.ciencias.edd.ArbolBinario$Vertice.altura(ArbolBinario.java:98)
	at mx.unam.ciencias.edd.ArbolBinario$Vertice.altura(ArbolBinario.java:98)
	at mx.unam.ciencias.edd.ArbolBinario$Vertice.altura(ArbolBinario.java:98)
	at mx.unam.ciencias.edd.ArbolBinario$Vertice.altura(ArbolBinario.java:98)
	at mx.unam.ciencias.edd.ArbolBinario$Vertice.altura(ArbolBinario.java:98)
	at mx.unam.ciencias.edd.ArbolBinario$Vertice.altura(ArbolBinario.java:98)
	at mx.unam.ciencias.edd.ArbolBinario$Vertice.altura(ArbolBinario.java:98)
	at mx.unam.ciencias.edd.ArbolBinario$Vertice.altura(ArbolBinario.java:98)
	at mx.unam.ciencias.edd.ArbolBinario$Vertice.altura(ArbolBinario.java:98)
	at mx.unam.ciencias.edd.ArbolBinario$Vertice.altura(ArbolBinario.java:98)
	at mx.unam.ciencias.edd.ArbolBinario$Vertice.altura(ArbolBinario.java:98)
	at mx.unam.ciencias.edd.ArbolBinario$Vertice.altura(ArbolBinario.java:98)
	at mx.unam.ciencias.edd.ArbolBinario$Vertice.altura(ArbolBinario.java:98)
	at mx.unam.ciencias.edd.ArbolBinario$Vertice.altura(ArbolBinario.java:98)
	at mx.unam.ciencias.edd.ArbolBinario$Vertice.altura(ArbolBinario.java:98)
	at mx.unam.ciencias.edd.ArbolBinario$Vertice.altura(ArbolBinario.java:98)
	at mx.unam.ciencias.edd.ArbolBinario$Vertice.altura(ArbolBinario.java:98)
	at mx.unam.ciencias.edd.ArbolBinario$Vertice.altura(ArbolBinario.java:98)
	at mx.unam.ciencias.edd.ArbolBinario$Vertice.altura(ArbolBinario.java:98)
	at mx.unam.ciencias.edd.ArbolBinario$Vertice.altura(ArbolBinario.java:98)
	at mx.unam.ciencias.edd.ArbolBinario$Vertice.altura(ArbolBinario.java:98)
	at mx.unam.ciencias.edd.ArbolBinario$Vertice.altura(ArbolBinario.java:98)
	at mx.unam.ciencias.edd.ArbolBinario$Vertice.altura(ArbolBinario.java:98)
	at mx.unam.ciencias.edd.ArbolBinario$Vertice.altura(ArbolBinario.java:98)
	at mx.unam.ciencias.edd.ArbolBinario$Vertice.altura(ArbolBinario.java:98)
	at mx.unam.ciencias.edd.ArbolBinario$Vertice.altura(ArbolBinario.java:98)
	at mx.unam.ciencias.edd.ArbolBinario$Vertice.altura(ArbolBinario.java:98)
	at mx.unam.ciencias.edd.ArbolBinario$Vertice.altura(ArbolBinario.java:98)
	at mx.unam.ciencias.edd.ArbolBinario$Vertice.altura(ArbolBinario.java:98)
	at mx.unam.ciencias.edd.ArbolBinario$Vertice.altura(ArbolBinario.java:98)
	at mx.unam.ciencias.edd.ArbolBinario$Vertice.altura(ArbolBinario.java:98)
	at mx.unam.ciencias.edd.ArbolBinario$Vertice.altura(ArbolBinario.java:98)
	at mx.unam.ciencias.edd.ArbolBinario$Vertice.altura(ArbolBinario.java:98)
	at mx.unam.ciencias.edd.ArbolBinario$Vertice.altura(ArbolBinario.java:98)
	at mx.unam.ciencias.edd.ArbolBinario$Vertice.altura(ArbolBinario.java:98)
	at mx.unam.ciencias.edd.ArbolBinario$Vertice.altura(ArbolBinario.java:98)
	at mx.unam.ciencias.edd.ArbolBinario$Vertice.altura(ArbolBinario.java:98)
	at mx.unam.ciencias.edd.ArbolBinario$Vertice.altura(ArbolBinario.java:98)
	at mx.unam.ciencias.edd.ArbolBinario$Vertice.altura(ArbolBinario.java:98)
	at mx.unam.ciencias.edd.ArbolBinario$Vertice.altura(ArbolBinario.java:98)
	at mx.unam.ciencias.edd.ArbolBinario$Vertice.altura(ArbolBinario.java:98)
	at mx.unam.ciencias.edd.ArbolBinario$Vertice.altura(ArbolBinario.java:98)
	at mx.unam.ciencias.edd.ArbolBinario$Vertice.altura(ArbolBinario.java:98)
	at mx.unam.ciencias.edd.ArbolBinario$Vertice.altura(ArbolBinario.java:98)
	at mx.unam.ciencias.edd.ArbolBinario$Vertice.altura(ArbolBinario.java:98)
	at mx.unam.ciencias.edd.ArbolBinario$Vertice.altura(ArbolBinario.java:98)
	at mx.unam.ciencias.edd.ArbolBinario$Vertice.altura(ArbolBinario.java:98)
	at mx.unam.ciencias.edd.ArbolBinario$Vertice.altura(ArbolBinario.java:98)
	at mx.unam.ciencias.edd.ArbolBinario$Vertice.altura(ArbolBinario.java:98)
	at mx.unam.ciencias.edd.ArbolBinario$Vertice.altura(ArbolBinario.java:98)
	at mx.unam.ciencias.edd.ArbolBinario$Vertice.altura(ArbolBinario.java:98)
	at mx.unam.ciencias.edd.ArbolBinario$Vertice.altura(ArbolBinario.java:98)
	at mx.unam.ciencias.edd.ArbolBinario$Vertice.altura(ArbolBinario.java:98)
	at mx.unam.ciencias.edd.ArbolBinario$Vertice.altura(ArbolBinario.java:98)
	at mx.unam.ciencias.edd.ArbolBinario$Vertice.altura(ArbolBinario.java:98)
	at mx.unam.ciencias.edd.ArbolBinario$Vertice.altura(ArbolBinario.java:98)
	at mx.unam.ciencias.edd.ArbolBinario$Vertice.altura(ArbolBinario.java:98)
	at mx.unam.ciencias.edd.ArbolBinario$Vertice.altura(ArbolBinario.java:98)
	at mx.unam.ciencias.edd.ArbolBinario$Vertice.altura(ArbolBinario.java:98)
	at mx.unam.ciencias.edd.ArbolBinario$Vertice.altura(ArbolBinario.java:98)
	at mx.unam.ciencias.edd.ArbolBinario$Vertice.altura(ArbolBinario.java:98)
	at mx.unam.ciencias.edd.ArbolBinario$Vertice.altura(ArbolBinario.java:98)
	at mx.unam.ciencias.edd.ArbolBinario$Vertice.altura(ArbolBinario.java:98)
	at mx.unam.ciencias.edd.ArbolBinario$Vertice.altura(ArbolBinario.java:98)
	at mx.unam.ciencias.edd.ArbolBinario$Vertice.altura(ArbolBinario.java:98)
	at mx.unam.ciencias.edd.ArbolBinario$Vertice.altura(ArbolBinario.java:98)
	at mx.unam.ciencias.edd.ArbolBinario$Vertice.altura(ArbolBinario.java:98)
	at mx.unam.ciencias.edd.ArbolBinario$Vertice.altura(ArbolBinario.java:98)
	at mx.unam.ciencias.edd.ArbolBinario$Vertice.altura(ArbolBinario.java:98)
	at mx.unam.ciencias.edd.ArbolBinario$Vertice.altura(ArbolBinario.java:98)
	at mx.unam.ciencias.edd.ArbolBinario$Vertice.altura(ArbolBinario.java:98)
	at mx.unam.ciencias.edd.ArbolBinario$Vertice.altura(ArbolBinario.java:98)
	at mx.unam.ciencias.edd.ArbolBinario$Vertice.altura(ArbolBinario.java:98)
	at mx.unam.ciencias.edd.ArbolBinario$Vertice.altura(ArbolBinario.java:98)
	at mx.unam.ciencias.edd.ArbolBinario$Vertice.altura(ArbolBinario.java:98)
	at mx.unam.ciencias.edd.ArbolBinario$Vertice.altura(ArbolBinario.java:98)
	at mx.unam.ciencias.edd.ArbolBinario$Vertice.altura(ArbolBinario.java:98)
	at mx.unam.ciencias.edd.ArbolBinario$Vertice.altura(ArbolBinario.java:98)
	at mx.unam.ciencias.edd.ArbolBinario$Vertice.altura(ArbolBinario.java:98)
	at mx.unam.ciencias.edd.ArbolBinario$Vertice.altura(ArbolBinario.java:98)
	at mx.unam.ciencias.edd.ArbolBinario$Vertice.altura(ArbolBinario.java:98)
	at mx.unam.ciencias.edd.ArbolBinario$Vertice.altura(ArbolBinario.java:98)
	at mx.unam.ciencias.edd.ArbolBinario$Vertice.altura(ArbolBinario.java:98)
	at mx.unam.ciencias.edd.ArbolBinario$Vertice.altura(ArbolBinario.java:98)
	at mx.unam.ciencias.edd.ArbolBinario$Vertice.altura(ArbolBinario.java:98)
	at mx.unam.ciencias.edd.ArbolBinario$Vertice.altura(ArbolBinario.java:98)
	at mx.unam.ciencias.edd.ArbolBinario$Vertice.altura(ArbolBinario.java:98)
	at mx.unam.ciencias.edd.ArbolBinario$Vertice.altura(ArbolBinario.java:98)
	at mx.unam.ciencias.edd.ArbolBinario$Vertice.altura(ArbolBinario.java:98)
	at mx.unam.ciencias.edd.ArbolBinario$Vertice.altura(ArbolBinario.java:98)
	at mx.unam.ciencias.edd.ArbolBinario$Vertice.altura(ArbolBinario.java:98)
	at mx.unam.ciencias.edd.ArbolBinario$Vertice.altura(ArbolBinario.java:98)
	at mx.unam.ciencias.edd.ArbolBinario$Vertice.altura(ArbolBinario.java:98)
	at mx.unam.ciencias.edd.ArbolBinario$Vertice.altura(ArbolBinario.java:98)
	at mx.unam.ciencias.edd.ArbolBinario$Vertice.altura(ArbolBinario.java:98)
	at mx.unam.ciencias.edd.ArbolBinario$Vertice.altura(ArbolBinario.java:98)
	at mx.unam.ciencias.edd.ArbolBinario$Vertice.altura(ArbolBinario.java:98)
	at mx.unam.ciencias.edd.ArbolBinario$Vertice.altura(ArbolBinario.java:98)
	at mx.unam.ciencias.edd.ArbolBinario$Vertice.altura(ArbolBinario.java:98)
	at mx.unam.ciencias.edd.ArbolBinario$Vertice.altura(ArbolBinario.java:98)
	at mx.unam.ciencias.edd.ArbolBinario$Vertice.altura(ArbolBinario.java:98)
	at mx.unam.ciencias.edd.ArbolBinario$Vertice.altura(ArbolBinario.java:98)
	at mx.unam.ciencias.edd.ArbolBinario$Vertice.altura(ArbolBinario.java:98)
	at mx.unam.ciencias.edd.ArbolBinario$Vertice.altura(ArbolBinario.java:98)
	at mx.unam.ciencias.edd.ArbolBinario$Vertice.altura(ArbolBinario.java:98)
	at mx.unam.ciencias.edd.ArbolBinario$Vertice.altura(ArbolBinario.java:98)
	at mx.unam.ciencias.edd.ArbolBinario$Vertice.altura(ArbolBinario.java:98)
	at mx.unam.ciencias.edd.ArbolBinario$Vertice.altura(ArbolBinario.java:98)
	at mx.unam.ciencias.edd.ArbolBinario$Vertice.altura(ArbolBinario.java:98)
	at mx.unam.ciencias.edd.ArbolBinario$Vertice.altura(ArbolBinario.java:98)
	at mx.unam.ciencias.edd.ArbolBinario$Vertice.altura(ArbolBinario.java:98)
	at mx.unam.ciencias.edd.ArbolBinario$Vertice.altura(ArbolBinario.java:98)
	at mx.unam.ciencias.edd.ArbolBinario$Vertice.altura(ArbolBinario.java:98)
	at mx.unam.ciencias.edd.ArbolBinario$Vertice.altura(ArbolBinario.java:98)
	at mx.unam.ciencias.edd.ArbolBinario$Vertice.altura(ArbolBinario.java:98)
	at mx.unam.ciencias.edd.ArbolBinario$Vertice.altura(ArbolBinario.java:98)
	at mx.unam.ciencias.edd.ArbolBinario$Vertice.altura(ArbolBinario.java:98)
	at mx.unam.ciencias.edd.ArbolBinario$Vertice.altura(ArbolBinario.java:98)
	at mx.unam.ciencias.edd.ArbolBinario$Vertice.altura(ArbolBinario.java:98)
	at mx.unam.ciencias.edd.ArbolBinario$Vertice.altura(ArbolBinario.java:98)
	at mx.unam.ciencias.edd.ArbolBinario$Vertice.altura(ArbolBinario.java:98)
	at mx.unam.ciencias.edd.ArbolBinario$Vertice.altura(ArbolBinario.java:98)
	at mx.unam.ciencias.edd.ArbolBinario$Vertice.altura(ArbolBinario.java:98)
	at mx.unam.ciencias.edd.ArbolBinario$Vertice.altura(ArbolBinario.java:98)
	at mx.unam.ciencias.edd.ArbolBinario$Vertice.altura(ArbolBinario.java:98)
	at mx.unam.ciencias.edd.ArbolBinario$Vertice.altura(ArbolBinario.java:98)
	at mx.unam.ciencias.edd.ArbolBinario$Vertice.altura(ArbolBinario.java:98)
	at mx.unam.ciencias.edd.ArbolBinario$Vertice.altura(ArbolBinario.java:98)
	at mx.unam.ciencias.edd.ArbolBinario$Vertice.altura(ArbolBinario.java:98)
	at mx.unam.ciencias.edd.ArbolBinario$Vertice.altura(ArbolBinario.java:98)
	at mx.unam.ciencias.edd.ArbolBinario$Vertice.altura(ArbolBinario.java:98)
	at mx.unam.ciencias.edd.ArbolBinario$Vertice.altura(ArbolBinario.java:98)
	at mx.unam.ciencias.edd.ArbolBinario$Vertice.altura(ArbolBinario.java:98)
	at mx.unam.ciencias.edd.ArbolBinario$Vertice.altura(ArbolBinario.java:98)
	at mx.unam.ciencias.edd.ArbolBinario$Vertice.altura(ArbolBinario.java:98)
	at mx.unam.ciencias.edd.ArbolBinario$Vertice.altura(ArbolBinario.java:98)
	at mx.unam.ciencias.edd.ArbolBinario$Vertice.altura(ArbolBinario.java:98)
	at mx.unam.ciencias.edd.ArbolBinario$Vertice.altura(ArbolBinario.java:98)
	at mx.unam.ciencias.edd.ArbolBinario$Vertice.altura(ArbolBinario.java:98)
	at mx.unam.ciencias.edd.ArbolBinario$Vertice.altura(ArbolBinario.java:98)
	at mx.unam.ciencias.edd.ArbolBinario$Vertice.altura(ArbolBinario.java:98)
	at mx.unam.ciencias.edd.ArbolBinario$Vertice.altura(ArbolBinario.java:98)
	at mx.unam.ciencias.edd.ArbolBinario$Vertice.altura(ArbolBinario.java:98)
	at mx.unam.ciencias.edd.ArbolBinario$Vertice.altura(ArbolBinario.java:98)
	at mx.unam.ciencias.edd.ArbolBinario$Vertice.altura(ArbolBinario.java:98)
	at mx.unam.ciencias.edd.ArbolBinario$Vertice.altura(ArbolBinario.java:98)
	at mx.unam.ciencias.edd.ArbolBinario$Vertice.altura(ArbolBinario.java:98)
	at mx.unam.ciencias.edd.ArbolBinario$Vertice.altura(ArbolBinario.java:98)
	at mx.unam.ciencias.edd.ArbolBinario$Vertice.altura(ArbolBinario.java:98)
	at mx.unam.ciencias.edd.ArbolBinario$Vertice.altura(ArbolBinario.java:98)
	at mx.unam.ciencias.edd.ArbolBinario$Vertice.altura(ArbolBinario.java:98)
	at mx.unam.ciencias.edd.ArbolBinario$Vertice.altura(ArbolBinario.java:98)
	at mx.unam.ciencias.edd.ArbolBinario$Vertice.altura(ArbolBinario.java:98)
	at mx.unam.ciencias.edd.ArbolBinario$Vertice.altura(ArbolBinario.java:98)
	at mx.unam.ciencias.edd.ArbolBinario$Vertice.altura(ArbolBinario.java:98)
	at mx.unam.ciencias.edd.ArbolBinario$Vertice.altura(ArbolBinario.java:98)
	at mx.unam.ciencias.edd.ArbolBinario$Vertice.altura(ArbolBinario.java:98)
	at mx.unam.ciencias.edd.ArbolBinario$Vertice.altura(ArbolBinario.java:98)
	at mx.unam.ciencias.edd.ArbolBinario$Vertice.altura(ArbolBinario.java:98)
	at mx.unam.ciencias.edd.ArbolBinario$Vertice.altura(ArbolBinario.java:98)
	at mx.unam.ciencias.edd.ArbolBinario$Vertice.altura(ArbolBinario.java:98)
	at mx.unam.ciencias.edd.ArbolBinario$Vertice.altura(ArbolBinario.java:98)
	at mx.unam.ciencias.edd.ArbolBinario$Vertice.altura(ArbolBinario.java:98)
	at mx.unam.ciencias.edd.ArbolBinario$Vertice.altura(ArbolBinario.java:98)
	at mx.unam.ciencias.edd.ArbolBinario$Vertice.altura(ArbolBinario.java:98)
	at mx.unam.ciencias.edd.ArbolBinario$Vertice.altura(ArbolBinario.java:98)
	at mx.unam.ciencias.edd.ArbolBinario$Vertice.altura(ArbolBinario.java:98)
	at mx.unam.ciencias.edd.ArbolBinario$Vertice.altura(ArbolBinario.java:98)
	at mx.unam.ciencias.edd.ArbolBinario$Vertice.altura(ArbolBinario.java:98)
	at mx.unam.ciencias.edd.ArbolBinario$Vertice.altura(ArbolBinario.java:98)
	at mx.unam.ciencias.edd.ArbolBinario$Vertice.altura(ArbolBinario.java:98)
	at mx.unam.ciencias.edd.ArbolBinario$Vertice.altura(ArbolBinario.java:98)
	at mx.unam.ciencias.edd.ArbolBinario$Vertice.altura(ArbolBinario.java:98)
	at mx.unam.ciencias.edd.ArbolBinario$Vertice.altura(ArbolBinario.java:98)
	at mx.unam.ciencias.edd.ArbolBinario$Vertice.altura(ArbolBinario.java:98)
	at mx.unam.ciencias.edd.ArbolBinario$Vertice.altura(ArbolBinario.java:98)
	at mx.unam.ciencias.edd.ArbolBinario$Vertice.altura(ArbolBinario.java:98)
	at mx.unam.ciencias.edd.ArbolBinario$Vertice.altura(ArbolBinario.java:98)
	at mx.unam.ciencias.edd.ArbolBinario$Vertice.altura(ArbolBinario.java:98)
	at mx.unam.ciencias.edd.ArbolBinario$Vertice.altura(ArbolBinario.java:98)
	at mx.unam.ciencias.edd.ArbolBinario$Vertice.altura(ArbolBinario.java:98)
	at mx.unam.ciencias.edd.ArbolBinario$Vertice.altura(ArbolBinario.java:98)
	at mx.unam.ciencias.edd.ArbolBinario$Vertice.altura(ArbolBinario.java:98)
	at mx.unam.ciencias.edd.ArbolBinario$Vertice.altura(ArbolBinario.java:98)
	at mx.unam.ciencias.edd.ArbolBinario$Vertice.altura(ArbolBinario.java:98)
	at mx.unam.ciencias.edd.ArbolBinario$Vertice.altura(ArbolBinario.java:98)
	at mx.unam.ciencias.edd.ArbolBinario$Vertice.altura(ArbolBinario.java:98)
	at mx.unam.ciencias.edd.ArbolBinario$Vertice.altura(ArbolBinario.java:98)
	at mx.unam.ciencias.edd.ArbolBinario$Vertice.altura(ArbolBinario.java:98)
	at mx.unam.ciencias.edd.ArbolBinario$Vertice.altura(ArbolBinario.java:98)
	at mx.unam.ciencias.edd.ArbolBinario$Vertice.altura(ArbolBinario.java:98)
	at mx.unam.ciencias.edd.ArbolBinario$Vertice.altura(ArbolBinario.java:98)
	at mx.unam.ciencias.edd.ArbolBinario$Vertice.altura(ArbolBinario.java:98)
	at mx.unam.ciencias.edd.ArbolBinario$Vertice.altura(ArbolBinario.java:98)
	at mx.unam.ciencias.edd.ArbolBinario$Vertice.altura(ArbolBinario.java:98)
	at mx.unam.ciencias.edd.ArbolBinario$Vertice.altura(ArbolBinario.java:98)
	at mx.unam.ciencias.edd.ArbolBinario$Vertice.altura(ArbolBinario.java:98)
	at mx.unam.ciencias.edd.ArbolBinario$Vertice.altura(ArbolBinario.java:98)
	at mx.unam.ciencias.edd.ArbolBinario$Vertice.altura(ArbolBinario.java:98)
	at mx.unam.ciencias.edd.ArbolBinario$Vertice.altura(ArbolBinario.java:98)
	at mx.unam.ciencias.edd.ArbolBinario$Vertice.altura(ArbolBinario.java:98)
	at mx.unam.ciencias.edd.ArbolBinario$Vertice.altura(ArbolBinario.java:98)
	at mx.unam.ciencias.edd.ArbolBinario$Vertice.altura(ArbolBinario.java:98)
	at mx.unam.ciencias.edd.ArbolBinario$Vertice.altura(ArbolBinario.java:98)
	at mx.unam.ciencias.edd.ArbolBinario$Vertice.altura(ArbolBinario.java:98)
	at mx.unam.ciencias.edd.ArbolBinario$Vertice.altura(ArbolBinario.java:98)
	at mx.unam.ciencias.edd.ArbolBinario$Vertice.altura(ArbolBinario.java:98)
	at mx.unam.ciencias.edd.ArbolBinario$Vertice.altura(ArbolBinario.java:98)
	at mx.unam.ciencias.edd.ArbolBinario$Vertice.altura(ArbolBinario.java:98)
	at mx.unam.ciencias.edd.ArbolBinario$Vertice.altura(ArbolBinario.java:98)
	at mx.unam.ciencias.edd.ArbolBinario$Vertice.altura(ArbolBinario.java:98)
	at mx.unam.ciencias.edd.ArbolBinario$Vertice.altura(ArbolBinario.java:98)
	at mx.unam.ciencias.edd.ArbolBinario$Vertice.altura(ArbolBinario.java:98)
	at mx.unam.ciencias.edd.ArbolBinario$Vertice.altura(ArbolBinario.java:98)
	at mx.unam.ciencias.edd.ArbolBinario$Vertice.altura(ArbolBinario.java:98)
	at mx.unam.ciencias.edd.ArbolBinario$Vertice.altura(ArbolBinario.java:98)
	at mx.unam.ciencias.edd.ArbolBinario$Vertice.altura(ArbolBinario.java:98)
	at mx.unam.ciencias.edd.ArbolBinario$Vertice.altura(ArbolBinario.java:98)
	at mx.unam.ciencias.edd.ArbolBinario$Vertice.altura(ArbolBinario.java:98)
	at mx.unam.ciencias.edd.ArbolBinario$Vertice.altura(ArbolBinario.java:98)
	at mx.unam.ciencias.edd.ArbolBinario$Vertice.altura(ArbolBinario.java:98)
	at mx.unam.ciencias.edd.ArbolBinario$Vertice.altura(ArbolBinario.java:98)
	at mx.unam.ciencias.edd.ArbolBinario$Vertice.altura(ArbolBinario.java:98)
	at mx.unam.ciencias.edd.ArbolBinario$Vertice.altura(ArbolBinario.java:98)
	at mx.unam.ciencias.edd.ArbolBinario$Vertice.altura(ArbolBinario.java:98)
	at mx.unam.ciencias.edd.ArbolBinario$Vertice.altura(ArbolBinario.java:98)
	at mx.unam.ciencias.edd.ArbolBinario$Vertice.altura(ArbolBinario.java:98)
	at mx.unam.ciencias.edd.ArbolBinario$Vertice.altura(ArbolBinario.java:98)
	at mx.unam.ciencias.edd.ArbolBinario$Vertice.altura(ArbolBinario.java:98)
	at mx.unam.ciencias.edd.ArbolBinario$Vertice.altura(ArbolBinario.java:98)
	at mx.unam.ciencias.edd.ArbolBinario$Vertice.altura(ArbolBinario.java:98)
	at mx.unam.ciencias.edd.ArbolBinario$Vertice.altura(ArbolBinario.java:98)
	at mx.unam.ciencias.edd.ArbolBinario$Vertice.altura(ArbolBinario.java:98)
	at mx.unam.ciencias.edd.ArbolBinario$Vertice.altura(ArbolBinario.java:98)
	at mx.unam.ciencias.edd.ArbolBinario$Vertice.altura(ArbolBinario.java:98)
	at mx.unam.ciencias.edd.ArbolBinario$Vertice.altura(ArbolBinario.java:98)
	at mx.unam.ciencias.edd.ArbolBinario$Vertice.altura(ArbolBinario.java:98)
	at mx.unam.ciencias.edd.ArbolBinario$Vertice.altura(ArbolBinario.java:98)
	at mx.unam.ciencias.edd.ArbolBinario$Vertice.altura(ArbolBinario.java:98)
	at mx.unam.ciencias.edd.ArbolBinario$Vertice.altura(ArbolBinario.java:98)
	at mx.unam.ciencias.edd.ArbolBinario$Vertice.altura(ArbolBinario.java:98)
	at mx.unam.ciencias.edd.ArbolBinario$Vertice.altura(ArbolBinario.java:98)
	at mx.unam.ciencias.edd.ArbolBinario$Vertice.altura(ArbolBinario.java:98)
	at mx.unam.ciencias.edd.ArbolBinario$Vertice.altura(ArbolBinario.java:98)
	at mx.unam.ciencias.edd.ArbolBinario$Vertice.altura(ArbolBinario.java:98)
	at mx.unam.ciencias.edd.ArbolBinario$Vertice.altura(ArbolBinario.java:98)
	at mx.unam.ciencias.edd.ArbolBinario$Vertice.altura(ArbolBinario.java:98)
	at mx.unam.ciencias.edd.ArbolBinario$Vertice.altura(ArbolBinario.java:98)
	at mx.unam.ciencias.edd.ArbolBinario$Vertice.altura(ArbolBinario.java:98)
	at mx.unam.ciencias.edd.ArbolBinario$Vertice.altura(ArbolBinario.java:98)
	at mx.unam.ciencias.edd.ArbolBinario$Vertice.altura(ArbolBinario.java:98)
	at mx.unam.ciencias.edd.ArbolBinario$Vertice.altura(ArbolBinario.java:98)
	at mx.unam.ciencias.edd.ArbolBinario$Vertice.altura(ArbolBinario.java:98)
	at mx.unam.ciencias.edd.ArbolBinario$Vertice.altura(ArbolBinario.java:98)
	at mx.unam.ciencias.edd.ArbolBinario$Vertice.altura(ArbolBinario.java:98)
	at mx.unam.ciencias.edd.ArbolBinario$Vertice.altura(ArbolBinario.java:98)
	at mx.unam.ciencias.edd.ArbolBinario$Vertice.altura(ArbolBinario.java:98)
	at mx.unam.ciencias.edd.ArbolBinario$Vertice.altura(ArbolBinario.java:98)
	at mx.unam.ciencias.edd.ArbolBinario$Vertice.altura(ArbolBinario.java:98)
	at mx.unam.ciencias.edd.ArbolBinario$Vertice.altura(ArbolBinario.java:98)
	at mx.unam.ciencias.edd.ArbolBinario$Vertice.altura(ArbolBinario.java:98)
	at mx.unam.ciencias.edd.ArbolBinario$Vertice.altura(ArbolBinario.java:98)
	at mx.unam.ciencias.edd.ArbolBinario$Vertice.altura(ArbolBinario.java:98)
	at mx.unam.ciencias.edd.ArbolBinario$Vertice.altura(ArbolBinario.java:98)
	at mx.unam.ciencias.edd.ArbolBinario$Vertice.altura(ArbolBinario.java:98)
	at mx.unam.ciencias.edd.ArbolBinario$Vertice.altura(ArbolBinario.java:98)
	at mx.unam.ciencias.edd.ArbolBinario$Vertice.altura(ArbolBinario.java:98)
	at mx.unam.ciencias.edd.ArbolBinario$Vertice.altura(ArbolBinario.java:98)
	at mx.unam.ciencias.edd.ArbolBinario$Vertice.altura(ArbolBinario.java:98)
	at mx.unam.ciencias.edd.ArbolBinario$Vertice.altura(ArbolBinario.java:98)
	at mx.unam.ciencias.edd.ArbolBinario$Vertice.altura(ArbolBinario.java:98)
	at mx.unam.ciencias.edd.ArbolBinario$Vertice.altura(ArbolBinario.java:98)
	at mx.unam.ciencias.edd.ArbolBinario$Vertice.altura(ArbolBinario.java:98)
	at mx.unam.ciencias.edd.ArbolBinario$Vertice.altura(ArbolBinario.java:98)
	at mx.unam.ciencias.edd.ArbolBinario$Vertice.altura(ArbolBinario.java:98)
	at mx.unam.ciencias.edd.ArbolBinario$Vertice.altura(ArbolBinario.java:98)
	at mx.unam.ciencias.edd.ArbolBinario$Vertice.altura(ArbolBinario.java:98)
	at mx.unam.ciencias.edd.ArbolBinario$Vertice.altura(ArbolBinario.java:98)
	at mx.unam.ciencias.edd.ArbolBinario$Vertice.altura(ArbolBinario.java:98)
	at mx.unam.ciencias.edd.ArbolBinario$Vertice.altura(ArbolBinario.java:98)
	at mx.unam.ciencias.edd.ArbolBinario$Vertice.altura(ArbolBinario.java:98)
	at mx.unam.ciencias.edd.ArbolBinario$Vertice.altura(ArbolBinario.java:98)
	at mx.unam.ciencias.edd.ArbolBinario$Vertice.altura(ArbolBinario.java:98)
	at mx.unam.ciencias.edd.ArbolBinario$Vertice.altura(ArbolBinario.java:98)
	at mx.unam.ciencias.edd.ArbolBinario$Vertice.altura(ArbolBinario.java:98)
	at mx.unam.ciencias.edd.ArbolBinario$Vertice.altura(ArbolBinario.java:98)
	at mx.unam.ciencias.edd.ArbolBinario$Vertice.altura(ArbolBinario.java:98)
	at mx.unam.ciencias.edd.ArbolBinario$Vertice.altura(ArbolBinario.java:98)
	at mx.unam.ciencias.edd.ArbolBinario$Vertice.altura(ArbolBinario.java:98)
	at mx.unam.ciencias.edd.ArbolBinario$Vertice.altura(ArbolBinario.java:98)
	at mx.unam.ciencias.edd.ArbolBinario$Vertice.altura(ArbolBinario.java:98)
	at mx.unam.ciencias.edd.ArbolBinario$Vertice.altura(ArbolBinario.java:98)
	at mx.unam.ciencias.edd.ArbolBinario$Vertice.altura(ArbolBinario.java:98)
	at mx.unam.ciencias.edd.ArbolBinario$Vertice.altura(ArbolBinario.java:98)
	at mx.unam.ciencias.edd.ArbolBinario$Vertice.altura(ArbolBinario.java:98)
	at mx.unam.ciencias.edd.ArbolBinario$Vertice.altura(ArbolBinario.java:98)
	at mx.unam.ciencias.edd.ArbolBinario$Vertice.altura(ArbolBinario.java:98)
	at mx.unam.ciencias.edd.ArbolBinario$Vertice.altura(ArbolBinario.java:98)
	at mx.unam.ciencias.edd.ArbolBinario$Vertice.altura(ArbolBinario.java:98)
	at mx.unam.ciencias.edd.ArbolBinario$Vertice.altura(ArbolBinario.java:98)
	at mx.unam.ciencias.edd.ArbolBinario$Vertice.altura(ArbolBinario.java:98)
	at mx.unam.ciencias.edd.ArbolBinario$Vertice.altura(ArbolBinario.java:98)
	at mx.unam.ciencias.edd.ArbolBinario$Vertice.altura(ArbolBinario.java:98)
	at mx.unam.ciencias.edd.ArbolBinario$Vertice.altura(ArbolBinario.java:98)
	at mx.unam.ciencias.edd.ArbolBinario$Vertice.altura(ArbolBinario.java:98)
	at mx.unam.ciencias.edd.ArbolBinario$Vertice.altura(ArbolBinario.java:98)
	at mx.unam.ciencias.edd.ArbolBinario$Vertice.altura(ArbolBinario.java:98)
	at mx.unam.ciencias.edd.ArbolBinario$Vertice.altura(ArbolBinario.java:98)
	at mx.unam.ciencias.edd.ArbolBinario$Vertice.altura(ArbolBinario.java:98)
	at mx.unam.ciencias.edd.ArbolBinario$Vertice.altura(ArbolBinario.java:98)
	at mx.unam.ciencias.edd.ArbolBinario$Vertice.altura(ArbolBinario.java:98)
	at mx.unam.ciencias.edd.ArbolBinario$Vertice.altura(ArbolBinario.java:98)
	at mx.unam.ciencias.edd.ArbolBinario$Vertice.altura(ArbolBinario.java:98)
	at mx.unam.ciencias.edd.ArbolBinario$Vertice.altura(ArbolBinario.java:98)
	at mx.unam.ciencias.edd.ArbolBinario$Vertice.altura(ArbolBinario.java:98)
	at mx.unam.ciencias.edd.ArbolBinario$Vertice.altura(ArbolBinario.java:98)
	at mx.unam.ciencias.edd.ArbolBinario$Vertice.altura(ArbolBinario.java:98)
	at mx.unam.ciencias.edd.ArbolBinario$Vertice.altura(ArbolBinario.java:98)
	at mx.unam.ciencias.edd.ArbolBinario$Vertice.altura(ArbolBinario.java:98)
	at mx.unam.ciencias.edd.ArbolBinario$Vertice.altura(ArbolBinario.java:98)
	at mx.unam.ciencias.edd.ArbolBinario$Vertice.altura(ArbolBinario.java:98)
	at mx.unam.ciencias.edd.ArbolBinario$Vertice.altura(ArbolBinario.java:98)
	at mx.unam.ciencias.edd.ArbolBinario$Vertice.altura(ArbolBinario.java:98)
	at mx.unam.ciencias.edd.ArbolBinario$Vertice.altura(ArbolBinario.java:98)
	at mx.unam.ciencias.edd.ArbolBinario$Vertice.altura(ArbolBinario.java:98)
	at mx.unam.ciencias.edd.ArbolBinario$Vertice.altura(ArbolBinario.java:98)
	at mx.unam.ciencias.edd.ArbolBinario$Vertice.altura(ArbolBinario.java:98)
	at mx.unam.ciencias.edd.ArbolBinario$Vertice.altura(ArbolBinario.java:98)
	at mx.unam.ciencias.edd.ArbolBinario$Vertice.altura(ArbolBinario.java:98)
	at mx.unam.ciencias.edd.ArbolBinario$Vertice.altura(ArbolBinario.java:98)
	at mx.unam.ciencias.edd.ArbolBinario$Vertice.altura(ArbolBinario.java:98)
	at mx.unam.ciencias.edd.ArbolBinario$Vertice.altura(ArbolBinario.java:98)
	at mx.unam.ciencias.edd.ArbolBinario$Vertice.altura(ArbolBinario.java:98)
	at mx.unam.ciencias.edd.ArbolBinario$Vertice.altura(ArbolBinario.java:98)
	at mx.unam.ciencias.edd.ArbolBinario$Vertice.altura(ArbolBinario.java:98)
	at mx.unam.ciencias.edd.ArbolBinario$Vertice.altura(ArbolBinario.java:98)
	at mx.unam.ciencias.edd.ArbolBinario$Vertice.altura(ArbolBinario.java:98)
	at mx.unam.ciencias.edd.ArbolBinario$Vertice.altura(ArbolBinario.java:98)
	at mx.unam.ciencias.edd.ArbolBinario$Vertice.altura(ArbolBinario.java:98)
	at mx.unam.ciencias.edd.ArbolBinario$Vertice.altura(ArbolBinario.java:98)
	at mx.unam.ciencias.edd.ArbolBinario$Vertice.altura(ArbolBinario.java:98)
	at mx.unam.ciencias.edd.ArbolBinario$Vertice.altura(ArbolBinario.java:98)
	at mx.unam.ciencias.edd.ArbolBinario$Vertice.altura(ArbolBinario.java:98)
	at mx.unam.ciencias.edd.ArbolBinario$Vertice.altura(ArbolBinario.java:98)
	at mx.unam.ciencias.edd.ArbolBinario$Vertice.altura(ArbolBinario.java:98)
	at mx.unam.ciencias.edd.ArbolBinario$Vertice.altura(ArbolBinario.java:98)
	at mx.unam.ciencias.edd.ArbolBinario$Vertice.altura(ArbolBinario.java:98)
	at mx.unam.ciencias.edd.ArbolBinario$Vertice.altura(ArbolBinario.java:98)
	at mx.unam.ciencias.edd.ArbolBinario$Vertice.altura(ArbolBinario.java:98)
	at mx.unam.ciencias.edd.ArbolBinario$Vertice.altura(ArbolBinario.java:98)
	at mx.unam.ciencias.edd.ArbolBinario$Vertice.altura(ArbolBinario.java:98)
	at mx.unam.ciencias.edd.ArbolBinario$Vertice.altura(ArbolBinario.java:98)
	at mx.unam.ciencias.edd.ArbolBinario$Vertice.altura(ArbolBinario.java:98)
	at mx.unam.ciencias.edd.ArbolBinario$Vertice.altura(ArbolBinario.java:98)
	at mx.unam.ciencias.edd.ArbolBinario$Vertice.altura(ArbolBinario.java:98)
	at mx.unam.ciencias.edd.ArbolBinario$Vertice.altura(ArbolBinario.java:98)
	at mx.unam.ciencias.edd.ArbolBinario$Vertice.altura(ArbolBinario.java:98)
	at mx.unam.ciencias.edd.ArbolBinario$Vertice.altura(ArbolBinario.java:98)
	at mx.unam.ciencias.edd.ArbolBinario$Vertice.altura(ArbolBinario.java:98)
	at mx.unam.ciencias.edd.ArbolBinario$Vertice.altura(ArbolBinario.java:98)
	at mx.unam.ciencias.edd.ArbolBinario$Vertice.altura(ArbolBinario.java:98)
	at mx.unam.ciencias.edd.ArbolBinario$Vertice.altura(ArbolBinario.java:98)
	at mx.unam.ciencias.edd.ArbolBinario$Vertice.altura(ArbolBinario.java:98)
	at mx.unam.ciencias.edd.ArbolBinario$Vertice.altura(ArbolBinario.java:98)
	at mx.unam.ciencias.edd.ArbolBinario$Vertice.altura(ArbolBinario.java:98)
	at mx.unam.ciencias.edd.ArbolBinario$Vertice.altura(ArbolBinario.java:98)
	at mx.unam.ciencias.edd.ArbolBinario$Vertice.altura(ArbolBinario.java:98)
	at mx.unam.ciencias.edd.ArbolBinario$Vertice.altura(ArbolBinario.java:98)
	at mx.unam.ciencias.edd.ArbolBinario$Vertice.altura(ArbolBinario.java:98)
	at mx.unam.ciencias.edd.ArbolBinario$Vertice.altura(ArbolBinario.java:98)
	at mx.unam.ciencias.edd.ArbolBinario$Vertice.altura(ArbolBinario.java:98)
	at mx.unam.ciencias.edd.ArbolBinario$Vertice.altura(ArbolBinario.java:98)
	at mx.unam.ciencias.edd.ArbolBinario$Vertice.altura(ArbolBinario.java:98)
	at mx.unam.ciencias.edd.ArbolBinario$Vertice.altura(ArbolBinario.java:98)
	at mx.unam.ciencias.edd.ArbolBinario$Vertice.altura(ArbolBinario.java:98)
	at mx.unam.ciencias.edd.ArbolBinario$Vertice.altura(ArbolBinario.java:98)
	at mx.unam.ciencias.edd.ArbolBinario$Vertice.altura(ArbolBinario.java:98)
	at mx.unam.ciencias.edd.ArbolBinario$Vertice.altura(ArbolBinario.java:98)
	at mx.unam.ciencias.edd.ArbolBinario$Vertice.altura(ArbolBinario.java:98)
	at mx.unam.ciencias.edd.ArbolBinario$Vertice.altura(ArbolBinario.java:98)
	at mx.unam.ciencias.edd.ArbolBinario$Vertice.altura(ArbolBinario.java:98)
	at mx.unam.ciencias.edd.ArbolBinario$Vertice.altura(ArbolBinario.java:98)
	at mx.unam.ciencias.edd.ArbolBinario$Vertice.altura(ArbolBinario.java:98)
	at mx.unam.ciencias.edd.ArbolBinario$Vertice.altura(ArbolBinario.java:98)
	at mx.unam.ciencias.edd.ArbolBinario$Vertice.altura(ArbolBinario.java:98)
	at mx.unam.ciencias.edd.ArbolBinario$Vertice.altura(ArbolBinario.java:98)
	at mx.unam.ciencias.edd.ArbolBinario$Vertice.altura(ArbolBinario.java:98)
	at mx.unam.ciencias.edd.ArbolBinario$Vertice.altura(ArbolBinario.java:98)
	at mx.unam.ciencias.edd.ArbolBinario$Vertice.altura(ArbolBinario.java:98)
	at mx.unam.ciencias.edd.ArbolBinario$Vertice.altura(ArbolBinario.java:98)
	at mx.unam.ciencias.edd.ArbolBinario$Vertice.altura(ArbolBinario.java:98)
	at mx.unam.ciencias.edd.ArbolBinario$Vertice.altura(ArbolBinario.java:98)
	at mx.unam.ciencias.edd.ArbolBinario$Vertice.altura(ArbolBinario.java:98)
	at mx.unam.ciencias.edd.ArbolBinario$Vertice.altura(ArbolBinario.java:98)
	at mx.unam.ciencias.edd.ArbolBinario$Vertice.altura(ArbolBinario.java:98)
	at mx.unam.ciencias.edd.ArbolBinario$Vertice.altura(ArbolBinario.java:98)
	at mx.unam.ciencias.edd.ArbolBinario$Vertice.altura(ArbolBinario.java:98)
	at mx.unam.ciencias.edd.ArbolBinario$Vertice.altura(ArbolBinario.java:98)
	at mx.unam.ciencias.edd.ArbolBinario$Vertice.altura(ArbolBinario.java:98)
	at mx.unam.ciencias.edd.ArbolBinario$Vertice.altura(ArbolBinario.java:98)
	at mx.unam.ciencias.edd.ArbolBinario$Vertice.altura(ArbolBinario.java:98)
	at mx.unam.ciencias.edd.ArbolBinario$Vertice.altura(ArbolBinario.java:98)
	at mx.unam.ciencias.edd.ArbolBinario$Vertice.altura(ArbolBinario.java:98)
	at mx.unam.ciencias.edd.ArbolBinario$Vertice.altura(ArbolBinario.java:98)
	at mx.unam.ciencias.edd.ArbolBinario$Vertice.altura(ArbolBinario.java:98)
	at mx.unam.ciencias.edd.ArbolBinario$Vertice.altura(ArbolBinario.java:98)
	at mx.unam.ciencias.edd.ArbolBinario$Vertice.altura(ArbolBinario.java:98)
	at mx.unam.ciencias.edd.ArbolBinario$Vertice.altura(ArbolBinario.java:98)
	at mx.unam.ciencias.edd.ArbolBinario$Vertice.altura(ArbolBinario.java:98)
	at mx.unam.ciencias.edd.ArbolBinario$Vertice.altura(ArbolBinario.java:98)
	at mx.unam.ciencias.edd.ArbolBinario$Vertice.altura(ArbolBinario.java:98)
	at mx.unam.ciencias.edd.ArbolBinario$Vertice.altura(ArbolBinario.java:98)
	at mx.unam.ciencias.edd.ArbolBinario$Vertice.altura(ArbolBinario.java:98)
	at mx.unam.ciencias.edd.ArbolBinario$Vertice.altura(ArbolBinario.java:98)
	at mx.unam.ciencias.edd.ArbolBinario$Vertice.altura(ArbolBinario.java:98)
	at mx.unam.ciencias.edd.ArbolBinario$Vertice.altura(ArbolBinario.java:98)
	at mx.unam.ciencias.edd.ArbolBinario$Vertice.altura(ArbolBinario.java:98)
	at mx.unam.ciencias.edd.ArbolBinario$Vertice.altura(ArbolBinario.java:98)
	at mx.unam.ciencias.edd.ArbolBinario$Vertice.altura(ArbolBinario.java:98)
	at mx.unam.ciencias.edd.ArbolBinario$Vertice.altura(ArbolBinario.java:98)
	at mx.unam.ciencias.edd.ArbolBinario$Vertice.altura(ArbolBinario.java:98)
	at mx.unam.ciencias.edd.ArbolBinario$Vertice.altura(ArbolBinario.java:98)
	at mx.unam.ciencias.edd.ArbolBinario$Vertice.altura(ArbolBinario.java:98)
	at mx.unam.ciencias.edd.ArbolBinario$Vertice.altura(ArbolBinario.java:98)
	at mx.unam.ciencias.edd.ArbolBinario$Vertice.altura(ArbolBinario.java:98)
	at mx.unam.ciencias.edd.ArbolBinario$Vertice.altura(ArbolBinario.java:98)
	at mx.unam.ciencias.edd.ArbolBinario$Vertice.altura(ArbolBinario.java:98)
	at mx.unam.ciencias.edd.ArbolBinario$Vertice.altura(ArbolBinario.java:98)
	at mx.unam.ciencias.edd.ArbolBinario$Vertice.altura(ArbolBinario.java:98)
	at mx.unam.ciencias.edd.ArbolBinario$Vertice.altura(ArbolBinario.java:98)
	at mx.unam.ciencias.edd.ArbolBinario$Vertice.altura(ArbolBinario.java:98)
	at mx.unam.ciencias.edd.ArbolBinario$Vertice.altura(ArbolBinario.java:98)
	at mx.unam.ciencias.edd.ArbolBinario$Vertice.altura(ArbolBinario.java:98)
	at mx.unam.ciencias.edd.ArbolBinario$Vertice.altura(ArbolBinario.java:98)
	at mx.unam.ciencias.edd.ArbolBinario$Vertice.altura(ArbolBinario.java:98)
	at mx.unam.ciencias.edd.ArbolBinario$Vertice.altura(ArbolBinario.java:98)
	at mx.unam.ciencias.edd.ArbolBinario$Vertice.altura(ArbolBinario.java:98)
	at mx.unam.ciencias.edd.ArbolBinario$Vertice.altura(ArbolBinario.java:98)
	at mx.unam.ciencias.edd.ArbolBinario$Vertice.altura(ArbolBinario.java:98)
	at mx.unam.ciencias.edd.ArbolBinario$Vertice.altura(ArbolBinario.java:98)
	at mx.unam.ciencias.edd.ArbolBinario$Vertice.altura(ArbolBinario.java:98)
	at mx.unam.ciencias.edd.ArbolBinario$Vertice.altura(ArbolBinario.java:98)
	at mx.unam.ciencias.edd.ArbolBinario$Vertice.altura(ArbolBinario.java:98)
	at mx.unam.ciencias.edd.ArbolBinario$Vertice.altura(ArbolBinario.java:98)
	at mx.unam.ciencias.edd.ArbolBinario$Vertice.altura(ArbolBinario.java:98)
	at mx.unam.ciencias.edd.ArbolBinario$Vertice.altura(ArbolBinario.java:98)
	at mx.unam.ciencias.edd.ArbolBinario$Vertice.altura(ArbolBinario.java:98)
	at mx.unam.ciencias.edd.ArbolBinario$Vertice.altura(ArbolBinario.java:98)
	at mx.unam.ciencias.edd.ArbolBinario$Vertice.altura(ArbolBinario.java:98)
	at mx.unam.ciencias.edd.ArbolBinario$Vertice.altura(ArbolBinario.java:98)
	at mx.unam.ciencias.edd.ArbolBinario$Vertice.altura(ArbolBinario.java:98)
	at mx.unam.ciencias.edd.ArbolBinario$Vertice.altura(ArbolBinario.java:98)
	at mx.unam.ciencias.edd.ArbolBinario$Vertice.altura(ArbolBinario.java:98)
	at mx.unam.ciencias.edd.ArbolBinario$Vertice.altura(ArbolBinario.java:98)
	at mx.unam.ciencias.edd.ArbolBinario$Vertice.altura(ArbolBinario.java:98)
	at mx.unam.ciencias.edd.ArbolBinario$Vertice.altura(ArbolBinario.java:98)
	at mx.unam.ciencias.edd.ArbolBinario$Vertice.altura(ArbolBinario.java:98)
	at mx.unam.ciencias.edd.ArbolBinario$Vertice.altura(ArbolBinario.java:98)
	at mx.unam.ciencias.edd.ArbolBinario$Vertice.altura(ArbolBinario.java:98)
	at mx.unam.ciencias.edd.ArbolBinario$Vertice.altura(ArbolBinario.java:98)
	at mx.unam.ciencias.edd.ArbolBinario$Vertice.altura(ArbolBinario.java:98)
	at mx.unam.ciencias.edd.ArbolBinario$Vertice.altura(ArbolBinario.java:98)
	at mx.unam.ciencias.edd.ArbolBinario$Vertice.altura(ArbolBinario.java:98)
	at mx.unam.ciencias.edd.ArbolBinario$Vertice.altura(ArbolBinario.java:98)
	at mx.unam.ciencias.edd.ArbolBinario$Vertice.altura(ArbolBinario.java:98)
	at mx.unam.ciencias.edd.ArbolBinario$Vertice.altura(ArbolBinario.java:98)
	at mx.unam.ciencias.edd.ArbolBinario$Vertice.altura(ArbolBinario.java:98)
	at mx.unam.ciencias.edd.ArbolBinario$Vertice.altura(ArbolBinario.java:98)
	at mx.unam.ciencias.edd.ArbolBinario$Vertice.altura(ArbolBinario.java:98)
	at mx.unam.ciencias.edd.ArbolBinario$Vertice.altura(ArbolBinario.java:98)
	at mx.unam.ciencias.edd.ArbolBinario$Vertice.altura(ArbolBinario.java:98)
	at mx.unam.ciencias.edd.ArbolBinario$Vertice.altura(ArbolBinario.java:98)
	at mx.unam.ciencias.edd.ArbolBinario$Vertice.altura(ArbolBinario.java:98)
	at mx.unam.ciencias.edd.ArbolBinario$Vertice.altura(ArbolBinario.java:98)
	at mx.unam.ciencias.edd.ArbolBinario$Vertice.altura(ArbolBinario.java:98)
	at mx.unam.ciencias.edd.ArbolBinario$Vertice.altura(ArbolBinario.java:98)
	at mx.unam.ciencias.edd.ArbolBinario$Vertice.altura(ArbolBinario.java:98)
	at mx.unam.ciencias.edd.ArbolBinario$Vertice.altura(ArbolBinario.java:98)
	at mx.unam.ciencias.edd.ArbolBinario$Vertice.altura(ArbolBinario.java:98)
	at mx.unam.ciencias.edd.ArbolBinario$Vertice.altura(ArbolBinario.java:98)
	at mx.unam.ciencias.edd.ArbolBinario$Vertice.altura(ArbolBinario.java:98)
	at mx.unam.ciencias.edd.ArbolBinario$Vertice.altura(ArbolBinario.java:98)
	at mx.unam.ciencias.edd.ArbolBinario$Vertice.altura(ArbolBinario.java:98)
	at mx.unam.ciencias.edd.ArbolBinario$Vertice.altura(ArbolBinario.java:98)
	at mx.unam.ciencias.edd.ArbolBinario$Vertice.altura(ArbolBinario.java:98)
	at mx.unam.ciencias.edd.ArbolBinario$Vertice.altura(ArbolBinario.java:98)
	at mx.unam.ciencias.edd.ArbolBinario$Vertice.altura(ArbolBinario.java:98)
	at mx.unam.ciencias.edd.ArbolBinario$Vertice.altura(ArbolBinario.java:98)
	at mx.unam.ciencias.edd.ArbolBinario$Vertice.altura(ArbolBinario.java:98)
	at mx.unam.ciencias.edd.ArbolBinario$Vertice.altura(ArbolBinario.java:98)
	at mx.unam.ciencias.edd.ArbolBinario$Vertice.altura(ArbolBinario.java:98)
	at mx.unam.ciencias.edd.ArbolBinario$Vertice.altura(ArbolBinario.java:98)
	at mx.unam.ciencias.edd.ArbolBinario$Vertice.altura(ArbolBinario.java:98)
	at mx.unam.ciencias.edd.ArbolBinario$Vertice.altura(ArbolBinario.java:98)
	at mx.unam.ciencias.edd.ArbolBinario$Vertice.altura(ArbolBinario.java:98)
	at mx.unam.ciencias.edd.ArbolBinario$Vertice.altura(ArbolBinario.java:98)
	at mx.unam.ciencias.edd.ArbolBinario$Vertice.altura(ArbolBinario.java:98)
	at mx.unam.ciencias.edd.ArbolBinario$Vertice.altura(ArbolBinario.java:98)
	at mx.unam.ciencias.edd.ArbolBinario$Vertice.altura(ArbolBinario.java:98)
	at mx.unam.ciencias.edd.ArbolBinario$Vertice.altura(ArbolBinario.java:98)
	at mx.unam.ciencias.edd.ArbolBinario$Vertice.altura(ArbolBinario.java:98)
	at mx.unam.ciencias.edd.ArbolBinario$Vertice.altura(ArbolBinario.java:98)
	at mx.unam.ciencias.edd.ArbolBinario$Vertice.altura(ArbolBinario.java:98)
	at mx.unam.ciencias.edd.ArbolBinario$Vertice.altura(ArbolBinario.java:98)
	at mx.unam.ciencias.edd.ArbolBinario$Vertice.altura(ArbolBinario.java:98)
	at mx.unam.ciencias.edd.ArbolBinario$Vertice.altura(ArbolBinario.java:98)
	at mx.unam.ciencias.edd.ArbolBinario$Vertice.altura(ArbolBinario.java:98)
	at mx.unam.ciencias.edd.ArbolBinario$Vertice.altura(ArbolBinario.java:98)
	at mx.unam.ciencias.edd.ArbolBinario$Vertice.altura(ArbolBinario.java:98)
	at mx.unam.ciencias.edd.ArbolBinario$Vertice.altura(ArbolBinario.java:98)
	at mx.unam.ciencias.edd.ArbolBinario$Vertice.altura(ArbolBinario.java:98)
	at mx.unam.ciencias.edd.ArbolBinario$Vertice.altura(ArbolBinario.java:98)
	at mx.unam.ciencias.edd.ArbolBinario$Vertice.altura(ArbolBinario.java:98)
	at mx.unam.ciencias.edd.ArbolBinario$Vertice.altura(ArbolBinario.java:98)
	at mx.unam.ciencias.edd.ArbolBinario$Vertice.altura(ArbolBinario.java:98)
	at mx.unam.ciencias.edd.ArbolBinario$Vertice.altura(ArbolBinario.java:98)
	at mx.unam.ciencias.edd.ArbolBinario$Vertice.altura(ArbolBinario.java:98)
	at mx.unam.ciencias.edd.ArbolBinario$Vertice.altura(ArbolBinario.java:98)
	at mx.unam.ciencias.edd.ArbolBinario$Vertice.altura(ArbolBinario.java:98)
	at mx.unam.ciencias.edd.ArbolBinario$Vertice.altura(ArbolBinario.java:98)
	at mx.unam.ciencias.edd.ArbolBinario$Vertice.altura(ArbolBinario.java:98)
	at mx.unam.ciencias.edd.ArbolBinario$Vertice.altura(ArbolBinario.java:98)
	at mx.unam.ciencias.edd.ArbolBinario$Vertice.altura(ArbolBinario.java:98)
	at mx.unam.ciencias.edd.ArbolBinario$Vertice.altura(ArbolBinario.java:98)
	at mx.unam.ciencias.edd.ArbolBinario$Vertice.altura(ArbolBinario.java:98)
	at mx.unam.ciencias.edd.ArbolBinario$Vertice.altura(ArbolBinario.java:98)
	at mx.unam.ciencias.edd.ArbolBinario$Vertice.altura(ArbolBinario.java:98)
	at mx.unam.ciencias.edd.ArbolBinario$Vertice.altura(ArbolBinario.java:98)
	at mx.unam.ciencias.edd.ArbolBinario$Vertice.altura(ArbolBinario.java:98)
	at mx.unam.ciencias.edd.ArbolBinario$Vertice.altura(ArbolBinario.java:98)
	at mx.unam.ciencias.edd.ArbolBinario$Vertice.altura(ArbolBinario.java:98)
	at mx.unam.ciencias.edd.ArbolBinario$Vertice.altura(ArbolBinario.java:98)
	at mx.unam.ciencias.edd.ArbolBinario$Vertice.altura(ArbolBinario.java:98)
	at mx.unam.ciencias.edd.ArbolBinario$Vertice.altura(ArbolBinario.java:98)
	at mx.unam.ciencias.edd.ArbolBinario$Vertice.altura(ArbolBinario.java:98)
	at mx.unam.ciencias.edd.ArbolBinario$Vertice.altura(ArbolBinario.java:98)
	at mx.unam.ciencias.edd.ArbolBinario$Vertice.altura(ArbolBinario.java:98)
	at mx.unam.ciencias.edd.ArbolBinario$Vertice.altura(ArbolBinario.java:98)
	at mx.unam.ciencias.edd.ArbolBinario$Vertice.altura(ArbolBinario.java:98)
	at mx.unam.ciencias.edd.ArbolBinario$Vertice.altura(ArbolBinario.java:98)
	at mx.unam.ciencias.edd.ArbolBinario$Vertice.altura(ArbolBinario.java:98)
	at mx.unam.ciencias.edd.ArbolBinario$Vertice.altura(ArbolBinario.java:98)
	at mx.unam.ciencias.edd.ArbolBinario$Vertice.altura(ArbolBinario.java:98)
	at mx.unam.ciencias.edd.ArbolBinario$Vertice.altura(ArbolBinario.java:98)
	at mx.unam.ciencias.edd.ArbolBinario$Vertice.altura(ArbolBinario.java:98)
	at mx.unam.ciencias.edd.ArbolBinario$Vertice.altura(ArbolBinario.java:98)
	at mx.unam.ciencias.edd.ArbolBinario$Vertice.altura(ArbolBinario.java:98)
	at mx.unam.ciencias.edd.ArbolBinario$Vertice.altura(ArbolBinario.java:98)
	at mx.unam.ciencias.edd.ArbolBinario$Vertice.altura(ArbolBinario.java:98)
	at mx.unam.ciencias.edd.ArbolBinario$Vertice.altura(ArbolBinario.java:98)
	at mx.unam.ciencias.edd.ArbolBinario$Vertice.altura(ArbolBinario.java:98)
	at mx.unam.ciencias.edd.ArbolBinario$Vertice.altura(ArbolBinario.java:98)
	at mx.unam.ciencias.edd.ArbolBinario$Vertice.altura(ArbolBinario.java:98)
	at mx.unam.ciencias.edd.ArbolBinario$Vertice.altura(ArbolBinario.java:98)
	at mx.unam.ciencias.edd.ArbolBinario$Vertice.altura(ArbolBinario.java:98)
	at mx.unam.ciencias.edd.ArbolBinario$Vertice.altura(ArbolBinario.java:98)
	at mx.unam.ciencias.edd.ArbolBinario$Vertice.altura(ArbolBinario.java:98)
	at mx.unam.ciencias.edd.ArbolBinario$Vertice.altura(ArbolBinario.java:98)
	at mx.unam.ciencias.edd.ArbolBinario$Vertice.altura(ArbolBinario.java:98)
	at mx.unam.ciencias.edd.ArbolBinario$Vertice.altura(ArbolBinario.java:98)
	at mx.unam.ciencias.edd.ArbolBinario$Vertice.altura(ArbolBinario.java:98)
	at mx.unam.ciencias.edd.ArbolBinario$Vertice.altura(ArbolBinario.java:98)
	at mx.unam.ciencias.edd.ArbolBinario$Vertice.altura(ArbolBinario.java:98)
	at mx.unam.ciencias.edd.ArbolBinario$Vertice.altura(ArbolBinario.java:98)
	at mx.unam.ciencias.edd.ArbolBinario$Vertice.altura(ArbolBinario.java:98)
	at mx.unam.ciencias.edd.ArbolBinario$Vertice.altura(ArbolBinario.java:98)
	at mx.unam.ciencias.edd.ArbolBinario$Vertice.altura(ArbolBinario.java:98)
	at mx.unam.ciencias.edd.ArbolBinario$Vertice.altura(ArbolBinario.java:98)
	at mx.unam.ciencias.edd.ArbolBinario$Vertice.altura(ArbolBinario.java:98)
	at mx.unam.ciencias.edd.ArbolBinario$Vertice.altura(ArbolBinario.java:98)
	at mx.unam.ciencias.edd.ArbolBinario$Vertice.altura(ArbolBinario.java:98)
	at mx.unam.ciencias.edd.ArbolBinario$Vertice.altura(ArbolBinario.java:98)
	at mx.unam.ciencias.edd.ArbolBinario$Vertice.altura(ArbolBinario.java:98)
	at mx.unam.ciencias.edd.ArbolBinario$Vertice.altura(ArbolBinario.java:98)
	at mx.unam.ciencias.edd.ArbolBinario$Vertice.altura(ArbolBinario.java:98)
	at mx.unam.ciencias.edd.ArbolBinario$Vertice.altura(ArbolBinario.java:98)
	at mx.unam.ciencias.edd.ArbolBinario$Vertice.altura(ArbolBinario.java:98)
	at mx.unam.ciencias.edd.ArbolBinario$Vertice.altura(ArbolBinario.java:98)
	at mx.unam.ciencias.edd.ArbolBinario$Vertice.altura(ArbolBinario.java:98)
	at mx.unam.ciencias.edd.ArbolBinario$Vertice.altura(ArbolBinario.java:98)
	at mx.unam.ciencias.edd.ArbolBinario$Vertice.altura(ArbolBinario.java:98)
	at mx.unam.ciencias.edd.ArbolBinario$Vertice.altura(ArbolBinario.java:98)
	at mx.unam.ciencias.edd.ArbolBinario$Vertice.altura(ArbolBinario.java:98)
	at mx.unam.ciencias.edd.ArbolBinario$Vertice.altura(ArbolBinario.java:98)
	at mx.unam.ciencias.edd.ArbolBinario$Vertice.altura(ArbolBinario.java:98)
	at mx.unam.ciencias.edd.ArbolBinario$Vertice.altura(ArbolBinario.java:98)
	at mx.unam.ciencias.edd.ArbolBinario$Vertice.altura(ArbolBinario.java:98)
	at mx.unam.ciencias.edd.ArbolBinario$Vertice.altura(ArbolBinario.java:98)
	at mx.unam.ciencias.edd.ArbolBinario$Vertice.altura(ArbolBinario.java:98)
	at mx.unam.ciencias.edd.ArbolBinario$Vertice.altura(ArbolBinario.java:98)
	at mx.unam.ciencias.edd.ArbolBinario$Vertice.altura(ArbolBinario.java:98)
	at mx.unam.ciencias.edd.ArbolBinario$Vertice.altura(ArbolBinario.java:98)
	at mx.unam.ciencias.edd.ArbolBinario$Vertice.altura(ArbolBinario.java:98)
	at mx.unam.ciencias.edd.ArbolBinario$Vertice.altura(ArbolBinario.java:98)
	at mx.unam.ciencias.edd.ArbolBinario$Vertice.altura(ArbolBinario.java:98)
	at mx.unam.ciencias.edd.ArbolBinario$Vertice.altura(ArbolBinario.java:98)
	at mx.unam.ciencias.edd.ArbolBinario$Vertice.altura(ArbolBinario.java:98)
	at mx.unam.ciencias.edd.ArbolBinario$Vertice.altura(ArbolBinario.java:98)
	at mx.unam.ciencias.edd.ArbolBinario$Vertice.altura(ArbolBinario.java:98)
	at mx.unam.ciencias.edd.ArbolBinario$Vertice.altura(ArbolBinario.java:98)
	at mx.unam.ciencias.edd.ArbolBinario$Vertice.altura(ArbolBinario.java:98)
	at mx.unam.ciencias.edd.ArbolBinario$Vertice.altura(ArbolBinario.java:98)
	at mx.unam.ciencias.edd.ArbolBinario$Vertice.altura(ArbolBinario.java:98)
	at mx.unam.ciencias.edd.ArbolBinario$Vertice.altura(ArbolBinario.java:98)
	at mx.unam.ciencias.edd.ArbolBinario$Vertice.altura(ArbolBinario.java:98)
	at mx.unam.ciencias.edd.ArbolBinario$Vertice.altura(ArbolBinario.java:98)
	at mx.unam.ciencias.edd.ArbolBinario$Vertice.altura(ArbolBinario.java:98)
	at mx.unam.ciencias.edd.ArbolBinario$Vertice.altura(ArbolBinario.java:98)
	at mx.unam.ciencias.edd.ArbolBinario$Vertice.altura(ArbolBinario.java:98)
	at mx.unam.ciencias.edd.ArbolBinario$Vertice.altura(ArbolBinario.java:98)
	at mx.unam.ciencias.edd.ArbolBinario$Vertice.altura(ArbolBinario.java:98)
	at mx.unam.ciencias.edd.ArbolBinario$Vertice.altura(ArbolBinario.java:98)
	at mx.unam.ciencias.edd.ArbolBinario$Vertice.altura(ArbolBinario.java:98)
	at mx.unam.ciencias.edd.ArbolBinario$Vertice.altura(ArbolBinario.java:98)
	at mx.unam.ciencias.edd.ArbolBinario$Vertice.altura(ArbolBinario.java:98)
	at mx.unam.ciencias.edd.ArbolBinario$Vertice.altura(ArbolBinario.java:98)
	at mx.unam.ciencias.edd.ArbolBinario$Vertice.altura(ArbolBinario.java:98)
	at mx.unam.ciencias.edd.ArbolBinario$Vertice.altura(ArbolBinario.java:98)
	at mx.unam.ciencias.edd.ArbolBinario$Vertice.altura(ArbolBinario.java:98)
	at mx.unam.ciencias.edd.ArbolBinario$Vertice.altura(ArbolBinario.java:98)
	at mx.unam.ciencias.edd.ArbolBinario$Vertice.altura(ArbolBinario.java:98)
	at mx.unam.ciencias.edd.ArbolBinario$Vertice.altura(ArbolBinario.java:98)
	at mx.unam.ciencias.edd.ArbolBinario$Vertice.altura(ArbolBinario.java:98)
	at mx.unam.ciencias.edd.ArbolBinario$Vertice.altura(ArbolBinario.java:98)
	at mx.unam.ciencias.edd.ArbolBinario$Vertice.altura(ArbolBinario.java:98)
	at mx.unam.ciencias.edd.ArbolBinario$Vertice.altura(ArbolBinario.java:98)
	at mx.unam.ciencias.edd.ArbolBinario$Vertice.altura(ArbolBinario.java:98)
	at mx.unam.ciencias.edd.ArbolBinario$Vertice.altura(ArbolBinario.java:98)
	at mx.unam.ciencias.edd.ArbolBinario$Vertice.altura(ArbolBinario.java:98)
	at mx.unam.ciencias.edd.ArbolBinario$Vertice.altura(ArbolBinario.java:98)
	at mx.unam.ciencias.edd.ArbolBinario$Vertice.altura(ArbolBinario.java:98)
	at mx.unam.ciencias.edd.ArbolBinario$Vertice.altura(ArbolBinario.java:98)
	at mx.unam.ciencias.edd.ArbolBinario$Vertice.altura(ArbolBinario.java:98)
	at mx.unam.ciencias.edd.ArbolBinario$Vertice.altura(ArbolBinario.java:98)
	at mx.unam.ciencias.edd.ArbolBinario$Vertice.altura(ArbolBinario.java:98)
	at mx.unam.ciencias.edd.ArbolBinario$Vertice.altura(ArbolBinario.java:98)
	at mx.unam.ciencias.edd.ArbolBinario$Vertice.altura(ArbolBinario.java:98)
	at mx.unam.ciencias.edd.ArbolBinario$Vertice.altura(ArbolBinario.java:98)
	at mx.unam.ciencias.edd.ArbolBinario$Vertice.altura(ArbolBinario.java:98)
	at mx.unam.ciencias.edd.ArbolBinario$Vertice.altura(ArbolBinario.java:98)
	at mx.unam.ciencias.edd.ArbolBinario$Vertice.altura(ArbolBinario.java:98)
	at mx.unam.ciencias.edd.ArbolBinario$Vertice.altura(ArbolBinario.java:98)
	at mx.unam.ciencias.edd.ArbolBinario$Vertice.altura(ArbolBinario.java:98)
	at mx.unam.ciencias.edd.ArbolBinario$Vertice.altura(ArbolBinario.java:98)
	at mx.unam.ciencias.edd.ArbolBinario$Vertice.altura(ArbolBinario.java:98)
	at mx.unam.ciencias.edd.ArbolBinario$Vertice.altura(ArbolBinario.java:98)
	at mx.unam.ciencias.edd.ArbolBinario$Vertice.altura(ArbolBinario.java:98)
	at mx.unam.ciencias.edd.ArbolBinario$Vertice.altura(ArbolBinario.java:98)
	at mx.unam.ciencias.edd.ArbolBinario$Vertice.altura(ArbolBinario.java:98)
	at mx.unam.ciencias.edd.ArbolBinario$Vertice.altura(ArbolBinario.java:98)
	at mx.unam.ciencias.edd.ArbolBinario$Vertice.altura(ArbolBinario.java:98)
	at mx.unam.ciencias.edd.ArbolBinario$Vertice.altura(ArbolBinario.java:98)
	at mx.unam.ciencias.edd.ArbolBinario$Vertice.altura(ArbolBinario.java:98)
	at mx.unam.ciencias.edd.ArbolBinario$Vertice.altura(ArbolBinario.java:98)
	at mx.unam.ciencias.edd.ArbolBinario$Vertice.altura(ArbolBinario.java:98)
	at mx.unam.ciencias.edd.ArbolBinario$Vertice.altura(ArbolBinario.java:98)
	at mx.unam.ciencias.edd.ArbolBinario$Vertice.altura(ArbolBinario.java:98)
	at mx.unam.ciencias.edd.ArbolBinario$Vertice.altura(ArbolBinario.java:98)
	at mx.unam.ciencias.edd.ArbolBinario$Vertice.altura(ArbolBinario.java:98)
	at mx.unam.ciencias.edd.ArbolBinario$Vertice.altura(ArbolBinario.java:98)
	at mx.unam.ciencias.edd.ArbolBinario$Vertice.altura(ArbolBinario.java:98)
	at mx.unam.ciencias.edd.ArbolBinario$Vertice.altura(ArbolBinario.java:98)
	at mx.unam.ciencias.edd.ArbolBinario$Vertice.altura(ArbolBinario.java:98)
	at mx.unam.ciencias.edd.ArbolBinario$Vertice.altura(ArbolBinario.java:98)
	at mx.unam.ciencias.edd.ArbolBinario$Vertice.altura(ArbolBinario.java:98)
	at mx.unam.ciencias.edd.ArbolBinario$Vertice.altura(ArbolBinario.java:98)
	at mx.unam.ciencias.edd.ArbolBinario$Vertice.altura(ArbolBinario.java:98)
	at mx.unam.ciencias.edd.ArbolBinario$Vertice.altura(ArbolBinario.java:98)
	at mx.unam.ciencias.edd.ArbolBinario$Vertice.altura(ArbolBinario.java:98)
	at mx.unam.ciencias.edd.ArbolBinario$Vertice.altura(ArbolBinario.java:98)
	at mx.unam.ciencias.edd.ArbolBinario$Vertice.altura(ArbolBinario.java:98)
	at mx.unam.ciencias.edd.ArbolBinario$Vertice.altura(ArbolBinario.java:98)
	at mx.unam.ciencias.edd.ArbolBinario$Vertice.altura(ArbolBinario.java:98)
	at mx.unam.ciencias.edd.ArbolBinario$Vertice.altura(ArbolBinario.java:98)
	at mx.unam.ciencias.edd.ArbolBinario$Vertice.altura(ArbolBinario.java:98)
	at mx.unam.ciencias.edd.ArbolBinario$Vertice.altura(ArbolBinario.java:98)
	at mx.unam.ciencias.edd.ArbolBinario$Vertice.altura(ArbolBinario.java:98)
	at mx.unam.ciencias.edd.ArbolBinario$Vertice.altura(ArbolBinario.java:98)
	at mx.unam.ciencias.edd.ArbolBinario$Vertice.altura(ArbolBinario.java:98)
	at mx.unam.ciencias.edd.ArbolBinario$Vertice.altura(ArbolBinario.java:98)
	at mx.unam.ciencias.edd.ArbolBinario$Vertice.altura(ArbolBinario.java:98)
	at mx.unam.ciencias.edd.ArbolBinario$Vertice.altura(ArbolBinario.java:98)
	at mx.unam.ciencias.edd.ArbolBinario$Vertice.altura(ArbolBinario.java:98)
	at mx.unam.ciencias.edd.ArbolBinario$Vertice.altura(ArbolBinario.java:98)
	at mx.unam.ciencias.edd.ArbolBinario$Vertice.altura(ArbolBinario.java:98)
	at mx.unam.ciencias.edd.ArbolBinario$Vertice.altura(ArbolBinario.java:98)
	at mx.unam.ciencias.edd.ArbolBinario$Vertice.altura(ArbolBinario.java:98)
	at mx.unam.ciencias.edd.ArbolBinario$Vertice.altura(ArbolBinario.java:98)
	at mx.unam.ciencias.edd.ArbolBinario$Vertice.altura(ArbolBinario.java:98)
	at mx.unam.ciencias.edd.ArbolBinario$Vertice.altura(ArbolBinario.java:98)
	at mx.unam.ciencias.edd.ArbolBinario$Vertice.altura(ArbolBinario.java:98)
	at mx.unam.ciencias.edd.ArbolBinario$Vertice.altura(ArbolBinario.java:98)
	at mx.unam.ciencias.edd.ArbolBinario$Vertice.altura(ArbolBinario.java:98)
	at mx.unam.ciencias.edd.ArbolBinario$Vertice.altura(ArbolBinario.java:98)
	at mx.unam.ciencias.edd.ArbolBinario$Vertice.altura(ArbolBinario.java:98)
	at mx.unam.ciencias.edd.ArbolBinario$Vertice.altura(ArbolBinario.java:98)
	at mx.unam.ciencias.edd.ArbolBinario$Vertice.altura(ArbolBinario.java:98)
	at mx.unam.ciencias.edd.ArbolBinario$Vertice.altura(ArbolBinario.java:98)
	at mx.unam.ciencias.edd.ArbolBinario$Vertice.altura(ArbolBinario.java:98)
	at mx.unam.ciencias.edd.ArbolBinario$Vertice.altura(ArbolBinario.java:98)
	at mx.unam.ciencias.edd.ArbolBinario$Vertice.altura(ArbolBinario.java:98)
	at mx.unam.ciencias.edd.ArbolBinario$Vertice.altura(ArbolBinario.java:98)
	at mx.unam.ciencias.edd.ArbolBinario$Vertice.altura(ArbolBinario.java:98)
	at mx.unam.ciencias.edd.ArbolBinario$Vertice.altura(ArbolBinario.java:98)
	at mx.unam.ciencias.edd.ArbolBinario$Vertice.altura(ArbolBinario.java:98)
	at mx.unam.ciencias.edd.ArbolBinario$Vertice.altura(ArbolBinario.java:98)
	at mx.unam.ciencias.edd.ArbolBinario$Vertice.altura(ArbolBinario.java:98)
	at mx.unam.ciencias.edd.ArbolBinario$Vertice.altura(ArbolBinario.java:98)
	at mx.unam.ciencias.edd.ArbolBinario$Vertice.altura(ArbolBinario.java:98)
	at mx.unam.ciencias.edd.ArbolBinario$Vertice.altura(ArbolBinario.java:98)
	at mx.unam.ciencias.edd.ArbolBinario$Vertice.altura(ArbolBinario.java:98)
	at mx.unam.ciencias.edd.ArbolBinario$Vertice.altura(ArbolBinario.java:98)
	at mx.unam.ciencias.edd.ArbolBinario$Vertice.altura(ArbolBinario.java:98)
	at mx.unam.ciencias.edd.ArbolBinario$Vertice.altura(ArbolBinario.java:98)
	at mx.unam.ciencias.edd.ArbolBinario$Vertice.altura(ArbolBinario.java:98)
	at mx.unam.ciencias.edd.ArbolBinario$Vertice.altura(ArbolBinario.java:98)
	at mx.unam.ciencias.edd.ArbolBinario$Vertice.altura(ArbolBinario.java:98)
	at mx.unam.ciencias.edd.ArbolBinario$Vertice.altura(ArbolBinario.java:98)
	at mx.unam.ciencias.edd.ArbolBinario$Vertice.altura(ArbolBinario.java:98)
	at mx.unam.ciencias.edd.ArbolBinario$Vertice.altura(ArbolBinario.java:98)
	at mx.unam.ciencias.edd.ArbolBinario$Vertice.altura(ArbolBinario.java:98)
	at mx.unam.ciencias.edd.ArbolBinario$Vertice.altura(ArbolBinario.java:98)
	at mx.unam.ciencias.edd.ArbolBinario$Vertice.altura(ArbolBinario.java:98)
	at mx.unam.ciencias.edd.ArbolBinario$Vertice.altura(ArbolBinario.java:98)
	at mx.unam.ciencias.edd.ArbolBinario$Vertice.altura(ArbolBinario.java:98)
	at mx.unam.ciencias.edd.ArbolBinario$Vertice.altura(ArbolBinario.java:98)
	at mx.unam.ciencias.edd.ArbolBinario$Vertice.altura(ArbolBinario.java:98)
	at mx.unam.ciencias.edd.ArbolBinario$Vertice.altura(ArbolBinario.java:98)
	at mx.unam.ciencias.edd.ArbolBinario$Vertice.altura(ArbolBinario.java:98)
	at mx.unam.ciencias.edd.ArbolBinario$Vertice.altura(ArbolBinario.java:98)
	at mx.unam.ciencias.edd.ArbolBinario$Vertice.altura(ArbolBinario.java:98)
	at mx.unam.ciencias.edd.ArbolBinario$Vertice.altura(ArbolBinario.java:98)
	at mx.unam.ciencias.edd.ArbolBinario$Vertice.altura(ArbolBinario.java:98)
	at mx.unam.ciencias.edd.ArbolBinario$Vertice.altura(ArbolBinario.java:98)
	at mx.unam.ciencias.edd.ArbolBinario$Vertice.altura(ArbolBinario.java:98)
	at mx.unam.ciencias.edd.ArbolBinario$Vertice.altura(ArbolBinario.java:98)
	at mx.unam.ciencias.edd.ArbolBinario$Vertice.altura(ArbolBinario.java:98)
	at mx.unam.ciencias.edd.ArbolBinario$Vertice.altura(ArbolBinario.java:98)
	at mx.unam.ciencias.edd.ArbolBinario$Vertice.altura(ArbolBinario.java:98)
	at mx.unam.ciencias.edd.ArbolBinario$Vertice.altura(ArbolBinario.java:98)
	at mx.unam.ciencias.edd.ArbolBinario$Vertice.altura(ArbolBinario.java:98)
	at mx.unam.ciencias.edd.ArbolBinario$Vertice.altura(ArbolBinario.java:98)
	at mx.unam.ciencias.edd.ArbolBinario$Vertice.altura(ArbolBinario.java:98)
	at mx.unam.ciencias.edd.ArbolBinario$Vertice.altura(ArbolBinario.java:98)
	at mx.unam.ciencias.edd.ArbolBinario$Vertice.altura(ArbolBinario.java:98)
	at mx.unam.ciencias.edd.ArbolBinario$Vertice.altura(ArbolBinario.java:98)
	at mx.unam.ciencias.edd.ArbolBinario$Vertice.altura(ArbolBinario.java:98)
	at mx.unam.ciencias.edd.ArbolBinario$Vertice.altura(ArbolBinario.java:98)
	at mx.unam.ciencias.edd.ArbolBinario$Vertice.altura(ArbolBinario.java:98)
	at mx.unam.ciencias.edd.ArbolBinario$Vertice.altura(ArbolBinario.java:98)
	at mx.unam.ciencias.edd.ArbolBinario$Vertice.altura(ArbolBinario.java:98)
	at mx.unam.ciencias.edd.ArbolBinario$Vertice.altura(ArbolBinario.java:98)
	at mx.unam.ciencias.edd.ArbolBinario$Vertice.altura(ArbolBinario.java:98)
	at mx.unam.ciencias.edd.ArbolBinario$Vertice.altura(ArbolBinario.java:98)
	at mx.unam.ciencias.edd.ArbolBinario$Vertice.altura(ArbolBinario.java:98)
	at mx.unam.ciencias.edd.ArbolBinario$Vertice.altura(ArbolBinario.java:98)
	at mx.unam.ciencias.edd.ArbolBinario$Vertice.altura(ArbolBinario.java:98)
	at mx.unam.ciencias.edd.ArbolBinario$Vertice.altura(ArbolBinario.java:98)
	at mx.unam.ciencias.edd.ArbolBinario$Vertice.altura(ArbolBinario.java:98)
	at mx.unam.ciencias.edd.ArbolBinario$Vertice.altura(ArbolBinario.java:98)
	at mx.unam.ciencias.edd.ArbolBinario$Vertice.altura(ArbolBinario.java:98)
	at mx.unam.ciencias.edd.ArbolBinario$Vertice.altura(ArbolBinario.java:98)
	at mx.unam.ciencias.edd.ArbolBinario$Vertice.altura(ArbolBinario.java:98)
	at mx.unam.ciencias.edd.ArbolBinario$Vertice.altura(ArbolBinario.java:98)
	at mx.unam.ciencias.edd.ArbolBinario$Vertice.altura(ArbolBinario.java:98)
	at mx.unam.ciencias.edd.ArbolBinario$Vertice.altura(ArbolBinario.java:98)
	at mx.unam.ciencias.edd.ArbolBinario$Vertice.altura(ArbolBinario.java:98)
	at mx.unam.ciencias.edd.ArbolBinario$Vertice.altura(ArbolBinario.java:98)
	at mx.unam.ciencias.edd.ArbolBinario$Vertice.altura(ArbolBinario.java:98)
	at mx.unam.ciencias.edd.ArbolBinario$Vertice.altura(ArbolBinario.java:98)
	at mx.unam.ciencias.edd.ArbolBinario$Vertice.altura(ArbolBinario.java:98)
	at mx.unam.ciencias.edd.ArbolBinario$Vertice.altura(ArbolBinario.java:98)
	at mx.unam.ciencias.edd.ArbolBinario$Vertice.altura(ArbolBinario.java:98)
	at mx.unam.ciencias.edd.ArbolBinario$Vertice.altura(ArbolBinario.java:98)
	at mx.unam.ciencias.edd.ArbolBinario$Vertice.altura(ArbolBinario.java:98)
	at mx.unam.ciencias.edd.ArbolBinario$Vertice.altura(ArbolBinario.java:98)
	at mx.unam.ciencias.edd.ArbolBinario$Vertice.altura(ArbolBinario.java:98)
	at mx.unam.ciencias.edd.ArbolBinario$Vertice.altura(ArbolBinario.java:98)
	at mx.unam.ciencias.edd.ArbolBinario$Vertice.altura(ArbolBinario.java:98)
	at mx.unam.ciencias.edd.ArbolBinario$Vertice.altura(ArbolBinario.java:98)
	at mx.unam.ciencias.edd.ArbolBinario$Vertice.altura(ArbolBinario.java:98)
	at mx.unam.ciencias.edd.ArbolBinario$Vertice.altura(ArbolBinario.java:98)
	at mx.unam.ciencias.edd.ArbolBinario$Vertice.altura(ArbolBinario.java:98)
	at mx.unam.ciencias.edd.ArbolBinario$Vertice.altura(ArbolBinario.java:98)
	at mx.unam.ciencias.edd.ArbolBinario$Vertice.altura(ArbolBinario.java:98)
	at mx.unam.ciencias.edd.ArbolBinario$Vertice.altura(ArbolBinario.java:98)
	at mx.unam.ciencias.edd.ArbolBinario$Vertice.altura(ArbolBinario.java:98)
	at mx.unam.ciencias.edd.ArbolBinario$Vertice.altura(ArbolBinario.java:98)
	at mx.unam.ciencias.edd.ArbolBinario$Vertice.altura(ArbolBinario.java:98)
	at mx.unam.ciencias.edd.ArbolBinario$Vertice.altura(ArbolBinario.java:98)
	at mx.unam.ciencias.edd.ArbolBinario$Vertice.altura(ArbolBinario.java:98)
	at mx.unam.ciencias.edd.ArbolBinario$Vertice.altura(ArbolBinario.java:98)
	at mx.unam.ciencias.edd.ArbolBinario$Vertice.altura(ArbolBinario.java:98)
	at mx.unam.ciencias.edd.ArbolBinario$Vertice.altura(ArbolBinario.java:98)
	at mx.unam.ciencias.edd.ArbolBinario$Vertice.altura(ArbolBinario.java:98)
	at mx.unam.ciencias.edd.ArbolBinario$Vertice.altura(ArbolBinario.java:98)
	at mx.unam.ciencias.edd.ArbolBinario$Vertice.altura(ArbolBinario.java:98)
	at mx.unam.ciencias.edd.ArbolBinario$Vertice.altura(ArbolBinario.java:98)
	at mx.unam.ciencias.edd.ArbolBinario$Vertice.altura(ArbolBinario.java:98)
	at mx.unam.ciencias.edd.ArbolBinario$Vertice.altura(ArbolBinario.java:98)
	at mx.unam.ciencias.edd.ArbolBinario$Vertice.altura(ArbolBinario.java:98)
	at mx.unam.ciencias.edd.ArbolBinario$Vertice.altura(ArbolBinario.java:98)
	at mx.unam.ciencias.edd.ArbolBinario$Vertice.altura(ArbolBinario.java:98)
	at mx.unam.ciencias.edd.ArbolBinario$Vertice.altura(ArbolBinario.java:98)
	at mx.unam.ciencias.edd.ArbolBinario$Vertice.altura(ArbolBinario.java:98)
	at mx.unam.ciencias.edd.ArbolBinario$Vertice.altura(ArbolBinario.java:98)
	at mx.unam.ciencias.edd.ArbolBinario$Vertice.altura(ArbolBinario.java:98)
	at mx.unam.ciencias.edd.ArbolBinario$Vertice.altura(ArbolBinario.java:98)
	at mx.unam.ciencias.edd.ArbolBinario$Vertice.altura(ArbolBinario.java:98)
	at mx.unam.ciencias.edd.ArbolBinario$Vertice.altura(ArbolBinario.java:98)
	at mx.unam.ciencias.edd.ArbolBinario$Vertice.altura(ArbolBinario.java:98)
	at mx.unam.ciencias.edd.ArbolBinario$Vertice.altura(ArbolBinario.java:98)
	at mx.unam.ciencias.edd.ArbolBinario$Vertice.altura(ArbolBinario.java:98)
	at mx.unam.ciencias.edd.ArbolBinario$Vertice.altura(ArbolBinario.java:98)
	at mx.unam.ciencias.edd.ArbolBinario$Vertice.altura(ArbolBinario.java:98)
	at mx.unam.ciencias.edd.ArbolBinario$Vertice.altura(ArbolBinario.java:98)
	at mx.unam.ciencias.edd.ArbolBinario$Vertice.altura(ArbolBinario.java:98)
	at mx.unam.ciencias.edd.ArbolBinario$Vertice.altura(ArbolBinario.java:98)
	at mx.unam.ciencias.edd.ArbolBinario$Vertice.altura(ArbolBinario.java:98)
	at mx.unam.ciencias.edd.ArbolBinario$Vertice.altura(ArbolBinario.java:98)
	at mx.unam.ciencias.edd.ArbolBinario$Vertice.altura(ArbolBinario.java:98)
	at mx.unam.ciencias.edd.ArbolBinario$Vertice.altura(ArbolBinario.java:98)
	at mx.unam.ciencias.edd.ArbolBinario$Vertice.altura(ArbolBinario.java:98)
	at mx.unam.ciencias.edd.ArbolBinario$Vertice.altura(ArbolBinario.java:98)
	at mx.unam.ciencias.edd.ArbolBinario$Vertice.altura(ArbolBinario.java:98)
	at mx.unam.ciencias.edd.ArbolBinario$Vertice.altura(ArbolBinario.java:98)
	at mx.unam.ciencias.edd.ArbolBinario$Vertice.altura(ArbolBinario.java:98)
	at mx.unam.ciencias.edd.ArbolBinario$Vertice.altura(ArbolBinario.java:98)
	at mx.unam.ciencias.edd.ArbolBinario$Vertice.altura(ArbolBinario.java:98)
	at mx.unam.ciencias.edd.ArbolBinario$Vertice.altura(ArbolBinario.java:98)
	at mx.unam.ciencias.edd.ArbolBinario$Vertice.altura(ArbolBinario.java:98)
	at mx.unam.ciencias.edd.ArbolBinario$Vertice.altura(ArbolBinario.java:98)
	at mx.unam.ciencias.edd.ArbolBinario$Vertice.altura(ArbolBinario.java:98)
	at mx.unam.ciencias.edd.ArbolBinario$Vertice.altura(ArbolBinario.java:98)
	at mx.unam.ciencias.edd.ArbolBinario$Vertice.altura(ArbolBinario.java:98)
	at mx.unam.ciencias.edd.ArbolBinario$Vertice.altura(ArbolBinario.java:98)
	at mx.unam.ciencias.edd.ArbolBinario$Vertice.altura(ArbolBinario.java:98)
	at mx.unam.ciencias.edd.ArbolBinario$Vertice.altura(ArbolBinario.java:98)
	at mx.unam.ciencias.edd.ArbolBinario$Vertice.altura(ArbolBinario.java:98)
	at mx.unam.ciencias.edd.ArbolBinario$Vertice.altura(ArbolBinario.java:98)
	at mx.unam.ciencias.edd.ArbolBinario$Vertice.altura(ArbolBinario.java:98)
	at mx.unam.ciencias.edd.ArbolBinario$Vertice.altura(ArbolBinario.java:98)
	at mx.unam.ciencias.edd.ArbolBinario$Vertice.altura(ArbolBinario.java:98)
	at mx.unam.ciencias.edd.ArbolBinario$Vertice.altura(ArbolBinario.java:98)
	at mx.unam.ciencias.edd.ArbolBinario$Vertice.altura(ArbolBinario.java:98)
	at mx.unam.ciencias.edd.ArbolBinario$Vertice.altura(ArbolBinario.java:98)
	at mx.unam.ciencias.edd.ArbolBinario$Vertice.altura(ArbolBinario.java:98)
	at mx.unam.ciencias.edd.ArbolBinario$Vertice.altura(ArbolBinario.java:98)
	at mx.unam.ciencias.edd.ArbolBinario$Vertice.altura(ArbolBinario.java:98)
	at mx.unam.ciencias.edd.ArbolBinario$Vertice.altura(ArbolBinario.java:98)
	at mx.unam.ciencias.edd.ArbolBinario$Vertice.altura(ArbolBinario.java:98)
	at mx.unam.ciencias.edd.ArbolBinario$Vertice.altura(ArbolBinario.java:98)
	at mx.unam.ciencias.edd.ArbolBinario$Vertice.altura(ArbolBinario.java:98)
	at mx.unam.ciencias.edd.ArbolBinario$Vertice.altura(ArbolBinario.java:98)
	at mx.unam.ciencias.edd.ArbolBinario$Vertice.altura(ArbolBinario.java:98)
	at mx.unam.ciencias.edd.ArbolBinario$Vertice.altura(ArbolBinario.java:98)
	at mx.unam.ciencias.edd.ArbolBinario$Vertice.altura(ArbolBinario.java:98)
	at mx.unam.ciencias.edd.ArbolBinario$Vertice.altura(ArbolBinario.java:98)
	at mx.unam.ciencias.edd.ArbolBinario$Vertice.altura(ArbolBinario.java:98)
	at mx.unam.ciencias.edd.ArbolBinario$Vertice.altura(ArbolBinario.java:98)
	at mx.unam.ciencias.edd.ArbolBinario$Vertice.altura(ArbolBinario.java:98)
	at mx.unam.ciencias.edd.ArbolBinario$Vertice.altura(ArbolBinario.java:98)
	at mx.unam.ciencias.edd.ArbolBinario$Vertice.altura(ArbolBinario.java:98)
	at mx.unam.ciencias.edd.ArbolBinario$Vertice.altura(ArbolBinario.java:98)
	at mx.unam.ciencias.edd.ArbolBinario$Vertice.altura(ArbolBinario.java:98)
	at mx.unam.ciencias.edd.ArbolBinario$Vertice.altura(ArbolBinario.java:98)
	at mx.unam.ciencias.edd.ArbolBinario$Vertice.altura(ArbolBinario.java:98)
	at mx.unam.ciencias.edd.ArbolBinario$Vertice.altura(ArbolBinario.java:98)
	at mx.unam.ciencias.edd.ArbolBinario$Vertice.altura(ArbolBinario.java:98)
	at mx.unam.ciencias.edd.ArbolBinario$Vertice.altura(ArbolBinario.java:98)
	at mx.unam.ciencias.edd.ArbolBinario$Vertice.altura(ArbolBinario.java:98)
	at mx.unam.ciencias.edd.ArbolBinario$Vertice.altura(ArbolBinario.java:98)
	at mx.unam.ciencias.edd.ArbolBinario$Vertice.altura(ArbolBinario.java:98)
	at mx.unam.ciencias.edd.ArbolBinario$Vertice.altura(ArbolBinario.java:98)
	at mx.unam.ciencias.edd.ArbolBinario$Vertice.altura(ArbolBinario.java:98)
	at mx.unam.ciencias.edd.ArbolBinario$Vertice.altura(ArbolBinario.java:98)
	at mx.unam.ciencias.edd.ArbolBinario$Vertice.altura(ArbolBinario.java:98)
	at mx.unam.ciencias.edd.ArbolBinario$Vertice.altura(ArbolBinario.java:98)
	at mx.unam.ciencias.edd.ArbolBinario$Vertice.altura(ArbolBinario.java:98)
	at mx.unam.ciencias.edd.ArbolBinario$Vertice.altura(ArbolBinario.java:98)
	at mx.unam.ciencias.edd.ArbolBinario$Vertice.altura(ArbolBinario.java:98)
	at mx.unam.ciencias.edd.ArbolBinario$Vertice.altura(ArbolBinario.java:98)
	at mx.unam.ciencias.edd.ArbolBinario$Vertice.altura(ArbolBinario.java:98)
	at mx.unam.ciencias.edd.ArbolBinario$Vertice.altura(ArbolBinario.java:98)
	at mx.unam.ciencias.edd.ArbolBinario$Vertice.altura(ArbolBinario.java:98)
	at mx.unam.ciencias.edd.ArbolBinario$Vertice.altura(ArbolBinario.java:98)
	at mx.unam.ciencias.edd.ArbolBinario$Vertice.altura(ArbolBinario.java:98)
	at mx.unam.ciencias.edd.ArbolBinario$Vertice.altura(ArbolBinario.java:98)
	at mx.unam.ciencias.edd.ArbolBinario$Vertice.altura(ArbolBinario.java:98)
	at mx.unam.ciencias.edd.ArbolBinario$Vertice.altura(ArbolBinario.java:98)
	at mx.unam.ciencias.edd.ArbolBinario$Vertice.altura(ArbolBinario.java:98)
	at mx.unam.ciencias.edd.ArbolBinario$Vertice.altura(ArbolBinario.java:98)
	at mx.unam.ciencias.edd.ArbolBinario$Vertice.altura(ArbolBinario.java:98)
	at mx.unam.ciencias.edd.ArbolBinario$Vertice.altura(ArbolBinario.java:98)
	at mx.unam.ciencias.edd.ArbolBinario$Vertice.altura(ArbolBinario.java:98)
	at mx.unam.ciencias.edd.ArbolBinario$Vertice.altura(ArbolBinario.java:98)
	at mx.unam.ciencias.edd.ArbolBinario$Vertice.altura(ArbolBinario.java:98)
	at mx.unam.ciencias.edd.ArbolBinario$Vertice.altura(ArbolBinario.java:98)
	at mx.unam.ciencias.edd.ArbolBinario$Vertice.altura(ArbolBinario.java:98)
	at mx.unam.ciencias.edd.ArbolBinario$Vertice.altura(ArbolBinario.java:98)
	at mx.unam.ciencias.edd.ArbolBinario$Vertice.altura(ArbolBinario.java:98)
	at mx.unam.ciencias.edd.ArbolBinario$Vertice.altura(ArbolBinario.java:98)
	at mx.unam.ciencias.edd.ArbolBinario$Vertice.altura(ArbolBinario.java:98)
	at mx.unam.ciencias.edd.ArbolBinario$Vertice.altura(ArbolBinario.java:98)
	at mx.unam.ciencias.edd.ArbolBinario$Vertice.altura(ArbolBinario.java:98)
	at mx.unam.ciencias.edd.ArbolBinario$Vertice.altura(ArbolBinario.java:98)
	at mx.unam.ciencias.edd.ArbolBinario$Vertice.altura(ArbolBinario.java:98)
	at mx.unam.ciencias.edd.ArbolBinario$Vertice.altura(ArbolBinario.java:98)
	at mx.unam.ciencias.edd.ArbolBinario$Vertice.altura(ArbolBinario.java:98)
	at mx.unam.ciencias.edd.ArbolBinario$Vertice.altura(ArbolBinario.java:98)
	at mx.unam.ciencias.edd.ArbolBinario$Vertice.altura(ArbolBinario.java:98)
	at mx.unam.ciencias.edd.ArbolBinario$Vertice.altura(ArbolBinario.java:98)
	at mx.unam.ciencias.edd.ArbolBinario$Vertice.altura(ArbolBinario.java:98)
	at mx.unam.ciencias.edd.ArbolBinario$Vertice.altura(ArbolBinario.java:98)
	at mx.unam.ciencias.edd.ArbolBinario$Vertice.altura(ArbolBinario.java:98)
	at mx.unam.ciencias.edd.ArbolBinario$Vertice.altura(ArbolBinario.java:98)
	at mx.unam.ciencias.edd.ArbolBinario$Vertice.altura(ArbolBinario.java:98)
	at mx.unam.ciencias.edd.ArbolBinario$Vertice.altura(ArbolBinario.java:98)
	at mx.unam.ciencias.edd.ArbolBinario$Vertice.altura(ArbolBinario.java:98)
	at mx.unam.ciencias.edd.ArbolBinario$Vertice.altura(ArbolBinario.java:98)
[...]
	at mx.unam.ciencias.edd.ArbolBinario$Vertice.profundidad(ArbolBinario.java:106)
	at mx.unam.ciencias.edd.ArbolBinario$Vertice.profundidad(ArbolBinario.java:106)
	at mx.unam.ciencias.edd.ArbolBinario$Vertice.profundidad(ArbolBinario.java:106)
	at mx.unam.ciencias.edd.ArbolBinario$Vertice.profundidad(ArbolBinario.java:106)
	at mx.unam.ciencias.edd.ArbolBinario$Vertice.profundidad(ArbolBinario.java:106)
	at mx.unam.ciencias.edd.ArbolBinario$Vertice.profundidad(ArbolBinario.java:106)
	at mx.unam.ciencias.edd.ArbolBinario$Vertice.profundidad(ArbolBinario.java:106)
	at mx.unam.ciencias.edd.ArbolBinario$Vertice.profundidad(ArbolBinario.java:106)
	at mx.unam.ciencias.edd.ArbolBinario$Vertice.profundidad(ArbolBinario.java:106)
	at mx.unam.ciencias.edd.ArbolBinario$Vertice.profundidad(ArbolBinario.java:106)
	at mx.unam.ciencias.edd.ArbolBinario$Vertice.profundidad(ArbolBinario.java:106)
	at mx.unam.ciencias.edd.ArbolBinario$Vertice.profundidad(ArbolBinario.java:106)
	at mx.unam.ciencias.edd.ArbolBinario$Vertice.profundidad(ArbolBinario.java:106)
	at mx.unam.ciencias.edd.ArbolBinario$Vertice.profundidad(ArbolBinario.java:106)
	at mx.unam.ciencias.edd.ArbolBinario$Vertice.profundidad(ArbolBinario.java:106)
	at mx.unam.ciencias.edd.ArbolBinario$Vertice.profundidad(ArbolBinario.java:106)
	at mx.unam.ciencias.edd.ArbolBinario$Vertice.profundidad(ArbolBinario.java:106)
	at mx.unam.ciencias.edd.ArbolBinario$Vertice.profundidad(ArbolBinario.java:106)
	at mx.unam.ciencias.edd.ArbolBinario$Vertice.profundidad(ArbolBinario.java:106)
	at mx.unam.ciencias.edd.ArbolBinario$Vertice.profundidad(ArbolBinario.java:106)
	at mx.unam.ciencias.edd.ArbolBinario$Vertice.profundidad(ArbolBinario.java:106)
	at mx.unam.ciencias.edd.ArbolBinario$Vertice.profundidad(ArbolBinario.java:106)
	at mx.unam.ciencias.edd.ArbolBinario$Vertice.profundidad(ArbolBinario.java:106)
	at mx.unam.ciencias.edd.ArbolBinario$Vertice.profundidad(ArbolBinario.java:106)
	at mx.unam.ciencias.edd.ArbolBinario$Vertice.profundidad(ArbolBinario.java:106)
	at mx.unam.ciencias.edd.ArbolBinario$Vertice.profundidad(ArbolBinario.java:106)
	at mx.unam.ciencias.edd.ArbolBinario$Vertice.profundidad(ArbolBinario.java:106)
	at mx.unam.ciencias.edd.ArbolBinario$Vertice.profundidad(ArbolBinario.java:106)
	at mx.unam.ciencias.edd.ArbolBinario$Vertice.profundidad(ArbolBinario.java:106)
	at mx.unam.ciencias.edd.ArbolBinario$Vertice.profundidad(ArbolBinario.java:106)
	at mx.unam.ciencias.edd.ArbolBinario$Vertice.profundidad(ArbolBinario.java:106)
	at mx.unam.ciencias.edd.ArbolBinario$Vertice.profundidad(ArbolBinario.java:106)
	at mx.unam.ciencias.edd.ArbolBinario$Vertice.profundidad(ArbolBinario.java:106)
	at mx.unam.ciencias.edd.ArbolBinario$Vertice.profundidad(ArbolBinario.java:106)
	at mx.unam.ciencias.edd.ArbolBinario$Vertice.profundidad(ArbolBinario.java:106)
	at mx.unam.ciencias.edd.ArbolBinario$Vertice.profundidad(ArbolBinario.java:106)
	at mx.unam.ciencias.edd.ArbolBinario$Vertice.profundidad(ArbolBinario.java:106)
	at mx.unam.ciencias.edd.ArbolBinario$Vertice.profundidad(ArbolBinario.java:106)
	at mx.unam.ciencias.edd.ArbolBinario$Vertice.profundidad(ArbolBinario.java:106)
	at mx.unam.ciencias.edd.ArbolBinario$Vertice.profundidad(ArbolBinario.java:106)
	at mx.unam.ciencias.edd.ArbolBinario$Vertice.profundidad(ArbolBinario.java:106)
	at mx.unam.ciencias.edd.ArbolBinario$Vertice.profundidad(ArbolBinario.java:106)
	at mx.unam.ciencias.edd.ArbolBinario$Vertice.profundidad(ArbolBinario.java:106)
	at mx.unam.ciencias.edd.ArbolBinario$Vertice.profundidad(ArbolBinario.java:106)
	at mx.unam.ciencias.edd.ArbolBinario$Vertice.profundidad(ArbolBinario.java:106)
	at mx.unam.ciencias.edd.ArbolBinario$Vertice.profundidad(ArbolBinario.java:106)
	at mx.unam.ciencias.edd.ArbolBinario$Vertice.profundidad(ArbolBinario.java:106)
	at mx.unam.ciencias.edd.ArbolBinario$Vertice.profundidad(ArbolBinario.java:106)
	at mx.unam.ciencias.edd.ArbolBinario$Vertice.profundidad(ArbolBinario.java:106)
	at mx.unam.ciencias.edd.ArbolBinario$Vertice.profundidad(ArbolBinario.java:106)
	at mx.unam.ciencias.edd.ArbolBinario$Vertice.profundidad(ArbolBinario.java:106)
	at mx.unam.ciencias.edd.ArbolBinario$Vertice.profundidad(ArbolBinario.java:106)
	at mx.unam.ciencias.edd.ArbolBinario$Vertice.profundidad(ArbolBinario.java:106)
	at mx.unam.ciencias.edd.ArbolBinario$Vertice.profundidad(ArbolBinario.java:106)
	at mx.unam.ciencias.edd.ArbolBinario$Vertice.profundidad(ArbolBinario.java:106)
	at mx.unam.ciencias.edd.ArbolBinario$Vertice.profundidad(ArbolBinario.java:106)
	at mx.unam.ciencias.edd.ArbolBinario$Vertice.profundidad(ArbolBinario.java:106)
	at mx.unam.ciencias.edd.ArbolBinario$Vertice.profundidad(ArbolBinario.java:106)
	at mx.unam.ciencias.edd.ArbolBinario$Vertice.profundidad(ArbolBinario.java:106)
	at mx.unam.ciencias.edd.ArbolBinario$Vertice.profundidad(ArbolBinario.java:106)
	at mx.unam.ciencias.edd.ArbolBinario$Vertice.profundidad(ArbolBinario.java:106)
	at mx.unam.ciencias.edd.ArbolBinario$Vertice.profundidad(ArbolBinario.java:106)
	at mx.unam.ciencias.edd.ArbolBinario$Vertice.profundidad(ArbolBinario.java:106)
	at mx.unam.ciencias.edd.ArbolBinario$Vertice.profundidad(ArbolBinario.java:106)
	at mx.unam.ciencias.edd.ArbolBinario$Vertice.profundidad(ArbolBinario.java:106)
	at mx.unam.ciencias.edd.ArbolBinario$Vertice.profundidad(ArbolBinario.java:106)
	at mx.unam.ciencias.edd.ArbolBinario$Vertice.profundidad(ArbolBinario.java:106)
	at mx.unam.ciencias.edd.ArbolBinario$Vertice.profundidad(ArbolBinario.java:106)
	at mx.unam.ciencias.edd.ArbolBinario$Vertice.profundidad(ArbolBinario.java:106)
	at mx.unam.ciencias.edd.ArbolBinario$Vertice.profundidad(ArbolBinario.java:106)
	at mx.unam.ciencias.edd.ArbolBinario$Vertice.profundidad(ArbolBinario.java:106)
	at mx.unam.ciencias.edd.ArbolBinario$Vertice.profundidad(ArbolBinario.java:106)
	at mx.unam.ciencias.edd.ArbolBinario$Vertice.profundidad(ArbolBinario.java:106)
	at mx.unam.ciencias.edd.ArbolBinario$Vertice.profundidad(ArbolBinario.java:106)
	at mx.unam.ciencias.edd.ArbolBinario$Vertice.profundidad(ArbolBinario.java:106)
	at mx.unam.ciencias.edd.ArbolBinario$Vertice.profundidad(ArbolBinario.java:106)
	at mx.unam.ciencias.edd.ArbolBinario$Vertice.profundidad(ArbolBinario.java:106)
	at mx.unam.ciencias.edd.ArbolBinario$Vertice.profundidad(ArbolBinario.java:106)
	at mx.unam.ciencias.edd.ArbolBinario$Vertice.profundidad(ArbolBinario.java:106)
	at mx.unam.ciencias.edd.ArbolBinario$Vertice.profundidad(ArbolBinario.java:106)
	at mx.unam.ciencias.edd.ArbolBinario$Vertice.profundidad(ArbolBinario.java:106)
	at mx.unam.ciencias.edd.ArbolBinario$Vertice.profundidad(ArbolBinario.java:106)
	at mx.unam.ciencias.edd.ArbolBinario$Vertice.profundidad(ArbolBinario.java:106)
	at mx.unam.ciencias.edd.ArbolBinario$Vertice.profundidad(ArbolBinario.java:106)
	at mx.unam.ciencias.edd.ArbolBinario$Vertice.profundidad(ArbolBinario.java:106)
	at mx.unam.ciencias.edd.ArbolBinario$Vertice.profundidad(ArbolBinario.java:106)
	at mx.unam.ciencias.edd.ArbolBinario$Vertice.profundidad(ArbolBinario.java:106)
	at mx.unam.ciencias.edd.ArbolBinario$Vertice.profundidad(ArbolBinario.java:106)
	at mx.unam.ciencias.edd.ArbolBinario$Vertice.profundidad(ArbolBinario.java:106)
	at mx.unam.ciencias.edd.ArbolBinario$Vertice.profundidad(ArbolBinario.java:106)
	at mx.unam.ciencias.edd.ArbolBinario$Vertice.profundidad(ArbolBinario.java:106)
	at mx.unam.ciencias.edd.ArbolBinario$Vertice.profundidad(ArbolBinario.java:106)
	at mx.unam.ciencias.edd.ArbolBinario$Vertice.profundidad(ArbolBinario.java:106)
	at mx.unam.ciencias.edd.ArbolBinario$Vertice.profundidad(ArbolBinario.java:106)
	at mx.unam.ciencias.edd.ArbolBinario$Vertice.profundidad(ArbolBinario.java:106)
	at mx.unam.ciencias.edd.ArbolBinario$Vertice.profundidad(ArbolBinario.java:106)
	at mx.unam.ciencias.edd.ArbolBinario$Vertice.profundidad(ArbolBinario.java:106)
	at mx.unam.ciencias.edd.ArbolBinario$Vertice.profundidad(ArbolBinario.java:106)
	at mx.unam.ciencias.edd.ArbolBinario$Vertice.profundidad(ArbolBinario.java:106)
	at mx.unam.ciencias.edd.ArbolBinario$Vertice.profundidad(ArbolBinario.java:106)
	at mx.unam.ciencias.edd.ArbolBinario$Vertice.profundidad(ArbolBinario.java:106)
	at mx.unam.ciencias.edd.ArbolBinario$Vertice.profundidad(ArbolBinario.java:106)
	at mx.unam.ciencias.edd.ArbolBinario$Vertice.profundidad(ArbolBinario.java:106)
	at mx.unam.ciencias.edd.ArbolBinario$Vertice.profundidad(ArbolBinario.java:106)
	at mx.unam.ciencias.edd.ArbolBinario$Vertice.profundidad(ArbolBinario.java:106)
	at mx.unam.ciencias.edd.ArbolBinario$Vertice.profundidad(ArbolBinario.java:106)
	at mx.unam.ciencias.edd.ArbolBinario$Vertice.profundidad(ArbolBinario.java:106)
	at mx.unam.ciencias.edd.ArbolBinario$Vertice.profundidad(ArbolBinario.java:106)
	at mx.unam.ciencias.edd.ArbolBinario$Vertice.profundidad(ArbolBinario.java:106)
	at mx.unam.ciencias.edd.ArbolBinario$Vertice.profundidad(ArbolBinario.java:106)
	at mx.unam.ciencias.edd.ArbolBinario$Vertice.profundidad(ArbolBinario.java:106)
	at mx.unam.ciencias.edd.ArbolBinario$Vertice.profundidad(ArbolBinario.java:106)
	at mx.unam.ciencias.edd.ArbolBinario$Vertice.profundidad(ArbolBinario.java:106)
	at mx.unam.ciencias.edd.ArbolBinario$Vertice.profundidad(ArbolBinario.java:106)
	at mx.unam.ciencias.edd.ArbolBinario$Vertice.profundidad(ArbolBinario.java:106)
	at mx.unam.ciencias.edd.ArbolBinario$Vertice.profundidad(ArbolBinario.java:106)
	at mx.unam.ciencias.edd.ArbolBinario$Vertice.profundidad(ArbolBinario.java:106)
	at mx.unam.ciencias.edd.ArbolBinario$Vertice.profundidad(ArbolBinario.java:106)
	at mx.unam.ciencias.edd.ArbolBinario$Vertice.profundidad(ArbolBinario.java:106)
	at mx.unam.ciencias.edd.ArbolBinario$Vertice.profundidad(ArbolBinario.java:106)
	at mx.unam.ciencias.edd.ArbolBinario$Vertice.profundidad(ArbolBinario.java:106)
	at mx.unam.ciencias.edd.ArbolBinario$Vertice.profundidad(ArbolBinario.java:106)
	at mx.unam.ciencias.edd.ArbolBinario$Vertice.profundidad(ArbolBinario.java:106)
	at mx.unam.ciencias.edd.ArbolBinario$Vertice.profundidad(ArbolBinario.java:106)
	at mx.unam.ciencias.edd.ArbolBinario$Vertice.profundidad(ArbolBinario.java:106)
	at mx.unam.ciencias.edd.ArbolBinario$Vertice.profundidad(ArbolBinario.java:106)
	at mx.unam.ciencias.edd.ArbolBinario$Vertice.profundidad(ArbolBinario.java:106)
	at mx.unam.ciencias.edd.ArbolBinario$Vertice.profundidad(ArbolBinario.java:106)
	at mx.unam.ciencias.edd.ArbolBinario$Vertice.profundidad(ArbolBinario.java:106)
	at mx.unam.ciencias.edd.ArbolBinario$Vertice.profundidad(ArbolBinario.java:106)
	at mx.unam.ciencias.edd.ArbolBinario$Vertice.profundidad(ArbolBinario.java:106)
	at mx.unam.ciencias.edd.ArbolBinario$Vertice.profundidad(ArbolBinario.java:106)
	at mx.unam.ciencias.edd.ArbolBinario$Vertice.profundidad(ArbolBinario.java:106)
	at mx.unam.ciencias.edd.ArbolBinario$Vertice.profundidad(ArbolBinario.java:106)
	at mx.unam.ciencias.edd.ArbolBinario$Vertice.profundidad(ArbolBinario.java:106)
	at mx.unam.ciencias.edd.ArbolBinario$Vertice.profundidad(ArbolBinario.java:106)
	at mx.unam.ciencias.edd.ArbolBinario$Vertice.profundidad(ArbolBinario.java:106)
	at mx.unam.ciencias.edd.ArbolBinario$Vertice.profundidad(ArbolBinario.java:106)
	at mx.unam.ciencias.edd.ArbolBinario$Vertice.profundidad(ArbolBinario.java:106)
	at mx.unam.ciencias.edd.ArbolBinario$Vertice.profundidad(ArbolBinario.java:106)
	at mx.unam.ciencias.edd.ArbolBinario$Vertice.profundidad(ArbolBinario.java:106)
	at mx.unam.ciencias.edd.ArbolBinario$Vertice.profundidad(ArbolBinario.java:106)
	at mx.unam.ciencias.edd.ArbolBinario$Vertice.profundidad(ArbolBinario.java:106)
	at mx.unam.ciencias.edd.ArbolBinario$Vertice.profundidad(ArbolBinario.java:106)
	at mx.unam.ciencias.edd.ArbolBinario$Vertice.profundidad(ArbolBinario.java:106)
	at mx.unam.ciencias.edd.ArbolBinario$Vertice.profundidad(ArbolBinario.java:106)
	at mx.unam.ciencias.edd.ArbolBinario$Vertice.profundidad(ArbolBinario.java:106)
	at mx.unam.ciencias.edd.ArbolBinario$Vertice.profundidad(ArbolBinario.java:106)
	at mx.unam.ciencias.edd.ArbolBinario$Vertice.profundidad(ArbolBinario.java:106)
	at mx.unam.ciencias.edd.ArbolBinario$Vertice.profundidad(ArbolBinario.java:106)
	at mx.unam.ciencias.edd.ArbolBinario$Vertice.profundidad(ArbolBinario.java:106)
	at mx.unam.ciencias.edd.ArbolBinario$Vertice.profundidad(ArbolBinario.java:106)
	at mx.unam.ciencias.edd.ArbolBinario$Vertice.profundidad(ArbolBinario.java:106)
	at mx.unam.ciencias.edd.ArbolBinario$Vertice.profundidad(ArbolBinario.java:106)
	at mx.unam.ciencias.edd.ArbolBinario$Vertice.profundidad(ArbolBinario.java:106)
	at mx.unam.ciencias.edd.ArbolBinario$Vertice.profundidad(ArbolBinario.java:106)
	at mx.unam.ciencias.edd.ArbolBinario$Vertice.profundidad(ArbolBinario.java:106)
	at mx.unam.ciencias.edd.ArbolBinario$Vertice.profundidad(ArbolBinario.java:106)
	at mx.unam.ciencias.edd.ArbolBinario$Vertice.profundidad(ArbolBinario.java:106)
	at mx.unam.ciencias.edd.ArbolBinario$Vertice.profundidad(ArbolBinario.java:106)
	at mx.unam.ciencias.edd.ArbolBinario$Vertice.profundidad(ArbolBinario.java:106)
	at mx.unam.ciencias.edd.ArbolBinario$Vertice.profundidad(ArbolBinario.java:106)
	at mx.unam.ciencias.edd.ArbolBinario$Vertice.profundidad(ArbolBinario.java:106)
	at mx.unam.ciencias.edd.ArbolBinario$Vertice.profundidad(ArbolBinario.java:106)

testIteradorNext(mx.unam.ciencias.edd.test.TestArbolBinarioOrdenado)  Time elapsed: 0 sec  <<< ERROR!
java.lang.IllegalArgumentException
	at mx.unam.ciencias.edd.Pila.mete(Pila.java:35)
	at mx.unam.ciencias.edd.ArbolBinarioOrdenado$Iterador.<init>(ArbolBinarioOrdenado.java:30)
	at mx.unam.ciencias.edd.ArbolBinarioOrdenado.iterator(ArbolBinarioOrdenado.java:313)
	at mx.unam.ciencias.edd.test.TestArbolBinarioOrdenado.testIteradorNext(TestArbolBinarioOrdenado.java:565)
	at sun.reflect.NativeMethodAccessorImpl.invoke0(Native Method)
	at sun.reflect.NativeMethodAccessorImpl.invoke(NativeMethodAccessorImpl.java:62)
	at sun.reflect.DelegatingMethodAccessorImpl.invoke(DelegatingMethodAccessorImpl.java:43)
	at java.lang.reflect.Method.invoke(Method.java:498)
	at org.junit.runners.model.FrameworkMethod$1.runReflectiveCall(FrameworkMethod.java:50)
	at org.junit.internal.runners.model.ReflectiveCallable.run(ReflectiveCallable.java:12)
	at org.junit.runners.model.FrameworkMethod.invokeExplosively(FrameworkMethod.java:47)
	at org.junit.internal.runners.statements.InvokeMethod.evaluate(InvokeMethod.java:17)
	at org.junit.internal.runners.statements.FailOnTimeout$CallableStatement.call(FailOnTimeout.java:298)
	at org.junit.internal.runners.statements.FailOnTimeout$CallableStatement.call(FailOnTimeout.java:292)
	at java.util.concurrent.FutureTask.run(FutureTask.java:266)
	at java.lang.Thread.run(Thread.java:748)

testGiraDerecha(mx.unam.ciencias.edd.test.TestArbolBinarioOrdenado)  Time elapsed: 0 sec  <<< FAILURE!
java.lang.AssertionError
	at org.junit.Assert.fail(Assert.java:86)
	at org.junit.Assert.assertTrue(Assert.java:41)
	at org.junit.Assert.assertTrue(Assert.java:52)
	at mx.unam.ciencias.edd.test.TestArbolBinarioOrdenado.testGiraDerecha(TestArbolBinarioOrdenado.java:592)
	at sun.reflect.NativeMethodAccessorImpl.invoke0(Native Method)
	at sun.reflect.NativeMethodAccessorImpl.invoke(NativeMethodAccessorImpl.java:62)
	at sun.reflect.DelegatingMethodAccessorImpl.invoke(DelegatingMethodAccessorImpl.java:43)
	at java.lang.reflect.Method.invoke(Method.java:498)
	at org.junit.runners.model.FrameworkMethod$1.runReflectiveCall(FrameworkMethod.java:50)
	at org.junit.internal.runners.model.ReflectiveCallable.run(ReflectiveCallable.java:12)
	at org.junit.runners.model.FrameworkMethod.invokeExplosively(FrameworkMethod.java:47)
	at org.junit.internal.runners.statements.InvokeMethod.evaluate(InvokeMethod.java:17)
	at org.junit.internal.runners.statements.FailOnTimeout$CallableStatement.call(FailOnTimeout.java:298)
	at org.junit.internal.runners.statements.FailOnTimeout$CallableStatement.call(FailOnTimeout.java:292)
	at java.util.concurrent.FutureTask.run(FutureTask.java:266)
	at java.lang.Thread.run(Thread.java:748)

testAgrega(mx.unam.ciencias.edd.test.TestArbolBinarioOrdenado)  Time elapsed: 0 sec  <<< FAILURE!
java.lang.AssertionError
	at org.junit.Assert.fail(Assert.java:86)
	at org.junit.Assert.fail(Assert.java:95)
	at mx.unam.ciencias.edd.test.TestArbolBinarioOrdenado.testAgrega(TestArbolBinarioOrdenado.java:106)
	at sun.reflect.NativeMethodAccessorImpl.invoke0(Native Method)
	at sun.reflect.NativeMethodAccessorImpl.invoke(NativeMethodAccessorImpl.java:62)
	at sun.reflect.DelegatingMethodAccessorImpl.invoke(DelegatingMethodAccessorImpl.java:43)
	at java.lang.reflect.Method.invoke(Method.java:498)
	at org.junit.runners.model.FrameworkMethod$1.runReflectiveCall(FrameworkMethod.java:50)
	at org.junit.internal.runners.model.ReflectiveCallable.run(ReflectiveCallable.java:12)
	at org.junit.runners.model.FrameworkMethod.invokeExplosively(FrameworkMethod.java:47)
	at org.junit.internal.runners.statements.InvokeMethod.evaluate(InvokeMethod.java:17)
	at org.junit.internal.runners.statements.FailOnTimeout$CallableStatement.call(FailOnTimeout.java:298)
	at org.junit.internal.runners.statements.FailOnTimeout$CallableStatement.call(FailOnTimeout.java:292)
	at java.util.concurrent.FutureTask.run(FutureTask.java:266)
	at java.lang.Thread.run(Thread.java:748)

testAltura(mx.unam.ciencias.edd.test.TestArbolBinarioOrdenado)  Time elapsed: 0.001 sec  <<< FAILURE!
java.lang.AssertionError
	at org.junit.Assert.fail(Assert.java:86)
	at org.junit.Assert.assertTrue(Assert.java:41)
	at org.junit.Assert.assertTrue(Assert.java:52)
	at mx.unam.ciencias.edd.test.TestArbolBinarioOrdenado.testAltura(TestArbolBinarioOrdenado.java:176)
	at sun.reflect.NativeMethodAccessorImpl.invoke0(Native Method)
	at sun.reflect.NativeMethodAccessorImpl.invoke(NativeMethodAccessorImpl.java:62)
	at sun.reflect.DelegatingMethodAccessorImpl.invoke(DelegatingMethodAccessorImpl.java:43)
	at java.lang.reflect.Method.invoke(Method.java:498)
	at org.junit.runners.model.FrameworkMethod$1.runReflectiveCall(FrameworkMethod.java:50)
	at org.junit.internal.runners.model.ReflectiveCallable.run(ReflectiveCallable.java:12)
	at org.junit.runners.model.FrameworkMethod.invokeExplosively(FrameworkMethod.java:47)
	at org.junit.internal.runners.statements.InvokeMethod.evaluate(InvokeMethod.java:17)
	at org.junit.internal.runners.statements.FailOnTimeout$CallableStatement.call(FailOnTimeout.java:298)
	at org.junit.internal.runners.statements.FailOnTimeout$CallableStatement.call(FailOnTimeout.java:292)
	at java.util.concurrent.FutureTask.run(FutureTask.java:266)
	at java.lang.Thread.run(Thread.java:748)

testGiraIzquierda(mx.unam.ciencias.edd.test.TestArbolBinarioOrdenado)  Time elapsed: 0 sec  <<< FAILURE!
java.lang.AssertionError
	at org.junit.Assert.fail(Assert.java:86)
	at org.junit.Assert.assertTrue(Assert.java:41)
	at org.junit.Assert.assertTrue(Assert.java:52)
	at mx.unam.ciencias.edd.test.TestArbolBinarioOrdenado.testGiraIzquierda(TestArbolBinarioOrdenado.java:692)
	at sun.reflect.NativeMethodAccessorImpl.invoke0(Native Method)
	at sun.reflect.NativeMethodAccessorImpl.invoke(NativeMethodAccessorImpl.java:62)
	at sun.reflect.DelegatingMethodAccessorImpl.invoke(DelegatingMethodAccessorImpl.java:43)
	at java.lang.reflect.Method.invoke(Method.java:498)
	at org.junit.runners.model.FrameworkMethod$1.runReflectiveCall(FrameworkMethod.java:50)
	at org.junit.internal.runners.model.ReflectiveCallable.run(ReflectiveCallable.java:12)
	at org.junit.runners.model.FrameworkMethod.invokeExplosively(FrameworkMethod.java:47)
	at org.junit.internal.runners.statements.InvokeMethod.evaluate(InvokeMethod.java:17)
	at org.junit.internal.runners.statements.FailOnTimeout$CallableStatement.call(FailOnTimeout.java:298)
	at org.junit.internal.runners.statements.FailOnTimeout$CallableStatement.call(FailOnTimeout.java:292)
	at java.util.concurrent.FutureTask.run(FutureTask.java:266)
	at java.lang.Thread.run(Thread.java:748)

